{"/Users/jdhiman/Documents/badeblog/badeblog-frontend/src/App.vue": {"path":"/Users/jdhiman/Documents/badeblog/badeblog-frontend/src/App.vue","statementMap":{"0":{"start":{"line":2,"column":0},"end":{"line":2,"column":62}},"1":{"start":{"line":3,"column":0},"end":{"line":3,"column":24}},"2":{"start":{"line":4,"column":12},"end":{"line":4,"column":26}},"3":{"start":{"line":5,"column":17},"end":{"line":5,"column":53}},"4":{"start":{"line":6,"column":17},"end":{"line":6,"column":48}},"5":{"start":{"line":7,"column":17},"end":{"line":7,"column":68}},"6":{"start":{"line":8,"column":17},"end":{"line":8,"column":55}},"7":{"start":{"line":9,"column":17},"end":{"line":9,"column":34}},"8":{"start":{"line":10,"column":17},"end":{"line":10,"column":57}},"9":{"start":{"line":11,"column":17},"end":{"line":11,"column":73}},"10":{"start":{"line":13,"column":33},"end":{"line":13,"column":75}},"11":{"start":{"line":14,"column":33},"end":{"line":14,"column":75}},"12":{"start":{"line":15,"column":4},"end":{"line":85,"column":8}},"13":{"start":{"line":25,"column":70},"end":{"line":27,"column":31}},"14":{"start":{"line":39,"column":78},"end":{"line":41,"column":39}},"15":{"start":{"line":46,"column":51},"end":{"line":46,"column":53}},"16":{"start":{"line":47,"column":40},"end":{"line":49,"column":41}},"17":{"start":{"line":47,"column":54},"end":{"line":47,"column":55}},"18":{"start":{"line":48,"column":44},"end":{"line":48,"column":69}},"19":{"start":{"line":50,"column":40},"end":{"line":50,"column":94}},"20":{"start":{"line":62,"column":78},"end":{"line":64,"column":39}},"21":{"start":{"line":72,"column":78},"end":{"line":74,"column":39}},"22":{"start":{"line":87,"column":0},"end":{"line":87,"column":24}},"23":{"start":{"line":88,"column":1},"end":{"line":88,"column":48}}},"fnMap":{"0":{"name":"render","decl":{"start":{"line":12,"column":9},"end":{"line":12,"column":15}},"loc":{"start":{"line":12,"column":30},"end":{"line":86,"column":1}},"line":12},"1":{"name":"(anonymous_1)","decl":{"start":{"line":25,"column":56},"end":{"line":25,"column":57}},"loc":{"start":{"line":25,"column":68},"end":{"line":27,"column":33}},"line":25},"2":{"name":"(anonymous_2)","decl":{"start":{"line":39,"column":64},"end":{"line":39,"column":65}},"loc":{"start":{"line":39,"column":76},"end":{"line":41,"column":41}},"line":39},"3":{"name":"(anonymous_3)","decl":{"start":{"line":45,"column":71},"end":{"line":45,"column":72}},"loc":{"start":{"line":45,"column":83},"end":{"line":51,"column":37}},"line":45},"4":{"name":"(anonymous_4)","decl":{"start":{"line":62,"column":64},"end":{"line":62,"column":65}},"loc":{"start":{"line":62,"column":76},"end":{"line":64,"column":41}},"line":62},"5":{"name":"(anonymous_5)","decl":{"start":{"line":72,"column":64},"end":{"line":72,"column":65}},"loc":{"start":{"line":72,"column":76},"end":{"line":74,"column":41}},"line":72}},"branchMap":{"0":{"loc":{"start":{"line":25,"column":77},"end":{"line":27,"column":30}},"type":"binary-expr","locations":[{"start":{"line":25,"column":77},"end":{"line":25,"column":86}},{"start":{"line":25,"column":91},"end":{"line":27,"column":29}}],"line":25},"1":{"loc":{"start":{"line":32,"column":24},"end":{"line":77,"column":57}},"type":"cond-expr","locations":[{"start":{"line":33,"column":31},"end":{"line":55,"column":56}},{"start":{"line":56,"column":31},"end":{"line":77,"column":56}}],"line":32},"2":{"loc":{"start":{"line":39,"column":85},"end":{"line":41,"column":38}},"type":"binary-expr","locations":[{"start":{"line":39,"column":85},"end":{"line":39,"column":94}},{"start":{"line":39,"column":99},"end":{"line":41,"column":37}}],"line":39},"3":{"loc":{"start":{"line":45,"column":45},"end":{"line":51,"column":38}},"type":"binary-expr","locations":[{"start":{"line":45,"column":45},"end":{"line":45,"column":54}},{"start":{"line":45,"column":59},"end":{"line":51,"column":37}}],"line":45},"4":{"loc":{"start":{"line":50,"column":48},"end":{"line":50,"column":92}},"type":"binary-expr","locations":[{"start":{"line":50,"column":48},"end":{"line":50,"column":59}},{"start":{"line":50,"column":63},"end":{"line":50,"column":92}}],"line":50},"5":{"loc":{"start":{"line":62,"column":85},"end":{"line":64,"column":38}},"type":"binary-expr","locations":[{"start":{"line":62,"column":85},"end":{"line":62,"column":94}},{"start":{"line":62,"column":99},"end":{"line":64,"column":37}}],"line":62},"6":{"loc":{"start":{"line":72,"column":85},"end":{"line":74,"column":38}},"type":"binary-expr","locations":[{"start":{"line":72,"column":85},"end":{"line":72,"column":94}},{"start":{"line":72,"column":99},"end":{"line":74,"column":37}}],"line":72}},"s":{"0":0,"1":0,"2":0,"3":0,"4":0,"5":0,"6":0,"7":0,"8":0,"9":0,"10":0,"11":0,"12":0,"13":0,"14":0,"15":0,"16":0,"17":0,"18":0,"19":0,"20":0,"21":0,"22":0,"23":0},"f":{"0":0,"1":0,"2":0,"3":0,"4":0,"5":0},"b":{"0":[0,0],"1":[0,0],"2":[0,0],"3":[0,0],"4":[0,0],"5":[0,0],"6":[0,0]},"inputSourceMap":{"0":"{","1":"\"","2":"v","3":"e","4":"r","5":"s","6":"i","7":"o","8":"n","9":"\"","10":":","11":"3","12":",","13":"\"","14":"s","15":"o","16":"u","17":"r","18":"c","19":"e","20":"s","21":"\"","22":":","23":"[","24":"]","25":",","26":"\"","27":"n","28":"a","29":"m","30":"e","31":"s","32":"\"","33":":","34":"[","35":"]","36":",","37":"\"","38":"m","39":"a","40":"p","41":"p","42":"i","43":"n","44":"g","45":"s","46":"\"","47":":","48":"\"","49":"\"","50":",","51":"\"","52":"f","53":"i","54":"l","55":"e","56":"\"","57":":","58":"\"","59":"/","60":"U","61":"s","62":"e","63":"r","64":"s","65":"/","66":"j","67":"d","68":"h","69":"i","70":"m","71":"a","72":"n","73":"/","74":"D","75":"o","76":"c","77":"u","78":"m","79":"e","80":"n","81":"t","82":"s","83":"/","84":"b","85":"a","86":"d","87":"e","88":"b","89":"l","90":"o","91":"g","92":"/","93":"b","94":"a","95":"d","96":"e","97":"b","98":"l","99":"o","100":"g","101":"-","102":"f","103":"r","104":"o","105":"n","106":"t","107":"e","108":"n","109":"d","110":"/","111":"s","112":"r","113":"c","114":"/","115":"A","116":"p","117":"p","118":".","119":"v","120":"u","121":"e","122":"\"","123":"}"}}
,"/Users/jdhiman/Documents/badeblog/badeblog-frontend/src/components/AccessibiltyControls.vue": {"path":"/Users/jdhiman/Documents/badeblog/badeblog-frontend/src/components/AccessibiltyControls.vue","statementMap":{"0":{"start":{"line":3,"column":0},"end":{"line":5,"column":3}},"1":{"start":{"line":6,"column":12},"end":{"line":6,"column":26}},"2":{"start":{"line":7,"column":12},"end":{"line":7,"column":26}},"3":{"start":{"line":8,"column":0},"end":{"line":59,"column":3}},"4":{"start":{"line":11,"column":19},"end":{"line":11,"column":28}},"5":{"start":{"line":12,"column":4},"end":{"line":12,"column":15}},"6":{"start":{"line":13,"column":17},"end":{"line":13,"column":38}},"7":{"start":{"line":14,"column":25},"end":{"line":14,"column":46}},"8":{"start":{"line":15,"column":28},"end":{"line":15,"column":49}},"9":{"start":{"line":16,"column":22},"end":{"line":16,"column":43}},"10":{"start":{"line":17,"column":27},"end":{"line":21,"column":5}},"11":{"start":{"line":18,"column":17},"end":{"line":18,"column":41}},"12":{"start":{"line":19,"column":24},"end":{"line":19,"column":65}},"13":{"start":{"line":20,"column":6},"end":{"line":20,"column":61}},"14":{"start":{"line":22,"column":27},"end":{"line":29,"column":5}},"15":{"start":{"line":23,"column":17},"end":{"line":23,"column":41}},"16":{"start":{"line":24,"column":24},"end":{"line":24,"column":65}},"17":{"start":{"line":25,"column":6},"end":{"line":28,"column":7}},"18":{"start":{"line":27,"column":8},"end":{"line":27,"column":63}},"19":{"start":{"line":30,"column":27},"end":{"line":33,"column":5}},"20":{"start":{"line":31,"column":6},"end":{"line":31,"column":45}},"21":{"start":{"line":32,"column":6},"end":{"line":32,"column":56}},"22":{"start":{"line":34,"column":29},"end":{"line":37,"column":5}},"23":{"start":{"line":35,"column":6},"end":{"line":35,"column":51}},"24":{"start":{"line":36,"column":6},"end":{"line":36,"column":54}},"25":{"start":{"line":38,"column":27},"end":{"line":41,"column":5}},"26":{"start":{"line":39,"column":6},"end":{"line":39,"column":57}},"27":{"start":{"line":40,"column":6},"end":{"line":40,"column":58}},"28":{"start":{"line":42,"column":23},"end":{"line":52,"column":5}},"29":{"start":{"line":53,"column":4},"end":{"line":56,"column":7}},"30":{"start":{"line":57,"column":4},"end":{"line":57,"column":24}},"31":{"start":{"line":61,"column":0},"end":{"line":61,"column":62}},"32":{"start":{"line":62,"column":0},"end":{"line":62,"column":24}},"33":{"start":{"line":63,"column":12},"end":{"line":63,"column":26}},"34":{"start":{"line":64,"column":17},"end":{"line":67,"column":1}},"35":{"start":{"line":68,"column":17},"end":{"line":68,"column":34}},"36":{"start":{"line":69,"column":17},"end":{"line":72,"column":1}},"37":{"start":{"line":73,"column":17},"end":{"line":73,"column":39}},"38":{"start":{"line":74,"column":17},"end":{"line":74,"column":39}},"39":{"start":{"line":75,"column":17},"end":{"line":75,"column":39}},"40":{"start":{"line":77,"column":4},"end":{"line":132,"column":8}},"41":{"start":{"line":80,"column":67},"end":{"line":80,"column":107}},"42":{"start":{"line":134,"column":0},"end":{"line":134,"column":24}},"43":{"start":{"line":135,"column":1},"end":{"line":135,"column":48}}},"fnMap":{"0":{"name":"(anonymous_0)","decl":{"start":{"line":10,"column":9},"end":{"line":10,"column":10}},"loc":{"start":{"line":10,"column":32},"end":{"line":58,"column":3}},"line":10},"1":{"name":"(anonymous_1)","decl":{"start":{"line":17,"column":27},"end":{"line":17,"column":28}},"loc":{"start":{"line":17,"column":39},"end":{"line":21,"column":5}},"line":17},"2":{"name":"(anonymous_2)","decl":{"start":{"line":22,"column":27},"end":{"line":22,"column":28}},"loc":{"start":{"line":22,"column":39},"end":{"line":29,"column":5}},"line":22},"3":{"name":"(anonymous_3)","decl":{"start":{"line":30,"column":27},"end":{"line":30,"column":28}},"loc":{"start":{"line":30,"column":39},"end":{"line":33,"column":5}},"line":30},"4":{"name":"(anonymous_4)","decl":{"start":{"line":34,"column":29},"end":{"line":34,"column":30}},"loc":{"start":{"line":34,"column":41},"end":{"line":37,"column":5}},"line":34},"5":{"name":"(anonymous_5)","decl":{"start":{"line":38,"column":27},"end":{"line":38,"column":28}},"loc":{"start":{"line":38,"column":39},"end":{"line":41,"column":5}},"line":38},"6":{"name":"render","decl":{"start":{"line":76,"column":9},"end":{"line":76,"column":15}},"loc":{"start":{"line":76,"column":63},"end":{"line":133,"column":1}},"line":76},"7":{"name":"(anonymous_7)","decl":{"start":{"line":80,"column":47},"end":{"line":80,"column":48}},"loc":{"start":{"line":80,"column":65},"end":{"line":80,"column":109}},"line":80}},"branchMap":{"0":{"loc":{"start":{"line":25,"column":6},"end":{"line":28,"column":7}},"type":"if","locations":[{"start":{"line":25,"column":6},"end":{"line":28,"column":7}},{"start":{},"end":{}}],"line":25},"1":{"loc":{"start":{"line":80,"column":21},"end":{"line":80,"column":110}},"type":"binary-expr","locations":[{"start":{"line":80,"column":21},"end":{"line":80,"column":30}},{"start":{"line":80,"column":35},"end":{"line":80,"column":109}}],"line":80},"2":{"loc":{"start":{"line":84,"column":12},"end":{"line":84,"column":133}},"type":"binary-expr","locations":[{"start":{"line":84,"column":12},"end":{"line":84,"column":21}},{"start":{"line":84,"column":26},"end":{"line":84,"column":132}}],"line":84},"3":{"loc":{"start":{"line":85,"column":83},"end":{"line":85,"column":108}},"type":"cond-expr","locations":[{"start":{"line":85,"column":99},"end":{"line":85,"column":102}},{"start":{"line":85,"column":105},"end":{"line":85,"column":108}}],"line":85},"4":{"loc":{"start":{"line":88,"column":8},"end":{"line":131,"column":57}},"type":"cond-expr","locations":[{"start":{"line":89,"column":15},"end":{"line":130,"column":14}},{"start":{"line":131,"column":14},"end":{"line":131,"column":57}}],"line":88},"5":{"loc":{"start":{"line":92,"column":20},"end":{"line":92,"column":160}},"type":"binary-expr","locations":[{"start":{"line":92,"column":20},"end":{"line":92,"column":29}},{"start":{"line":92,"column":34},"end":{"line":92,"column":159}}],"line":92},"6":{"loc":{"start":{"line":108,"column":20},"end":{"line":108,"column":162}},"type":"binary-expr","locations":[{"start":{"line":108,"column":20},"end":{"line":108,"column":29}},{"start":{"line":108,"column":34},"end":{"line":108,"column":161}}],"line":108},"7":{"loc":{"start":{"line":116,"column":20},"end":{"line":116,"column":159}},"type":"binary-expr","locations":[{"start":{"line":116,"column":20},"end":{"line":116,"column":29}},{"start":{"line":116,"column":34},"end":{"line":116,"column":158}}],"line":116},"8":{"loc":{"start":{"line":124,"column":20},"end":{"line":124,"column":163}},"type":"binary-expr","locations":[{"start":{"line":124,"column":20},"end":{"line":124,"column":29}},{"start":{"line":124,"column":34},"end":{"line":124,"column":162}}],"line":124}},"s":{"0":0,"1":0,"2":0,"3":0,"4":0,"5":0,"6":0,"7":0,"8":0,"9":0,"10":0,"11":0,"12":0,"13":0,"14":0,"15":0,"16":0,"17":0,"18":0,"19":0,"20":0,"21":0,"22":0,"23":0,"24":0,"25":0,"26":0,"27":0,"28":0,"29":0,"30":0,"31":0,"32":0,"33":0,"34":0,"35":0,"36":0,"37":0,"38":0,"39":0,"40":0,"41":0,"42":0,"43":0},"f":{"0":0,"1":0,"2":0,"3":0,"4":0,"5":0,"6":0,"7":0},"b":{"0":[0,0],"1":[0,0],"2":[0,0],"3":[0,0],"4":[0,0],"5":[0,0],"6":[0,0],"7":[0,0],"8":[0,0]},"inputSourceMap":{"0":"{","1":"\"","2":"v","3":"e","4":"r","5":"s","6":"i","7":"o","8":"n","9":"\"","10":":","11":"3","12":",","13":"\"","14":"s","15":"o","16":"u","17":"r","18":"c","19":"e","20":"s","21":"\"","22":":","23":"[","24":"\"","25":"/","26":"U","27":"s","28":"e","29":"r","30":"s","31":"/","32":"j","33":"d","34":"h","35":"i","36":"m","37":"a","38":"n","39":"/","40":"D","41":"o","42":"c","43":"u","44":"m","45":"e","46":"n","47":"t","48":"s","49":"/","50":"b","51":"a","52":"d","53":"e","54":"b","55":"l","56":"o","57":"g","58":"/","59":"b","60":"a","61":"d","62":"e","63":"b","64":"l","65":"o","66":"g","67":"-","68":"f","69":"r","70":"o","71":"n","72":"t","73":"e","74":"n","75":"d","76":"/","77":"s","78":"r","79":"c","80":"/","81":"c","82":"o","83":"m","84":"p","85":"o","86":"n","87":"e","88":"n","89":"t","90":"s","91":"/","92":"A","93":"c","94":"c","95":"e","96":"s","97":"s","98":"i","99":"b","100":"i","101":"l","102":"t","103":"y","104":"C","105":"o","106":"n","107":"t","108":"r","109":"o","110":"l","111":"s","112":".","113":"v","114":"u","115":"e","116":"\"","117":"]","118":",","119":"\"","120":"n","121":"a","122":"m","123":"e","124":"s","125":"\"","126":":","127":"[","128":"]","129":",","130":"\"","131":"m","132":"a","133":"p","134":"p","135":"i","136":"n","137":"g","138":"s","139":"\"","140":":","141":"\"","142":";","143":";","144":";","145":";","146":";","147":";","148":"A","149":"A","150":"8","151":"E","152":"A","153":";","154":";","155":";","156":";","157":";","158":";","159":"I","160":"A","161":"E","162":"A","163":",","164":"I","165":"A","166":"A","167":"M","168":",","169":"M","170":"A","171":"A","172":"M","173":",","174":"G","175":"A","176":"A","177":"G","178":",","179":"a","180":"A","181":"A","182":"G","183":",","184":"E","185":"A","186":"A","187":"C","188":",","189":"K","190":"A","191":"A","192":"K","193":",","194":"C","195":"A","196":"A","197":"C","198":";","199":"I","200":"A","201":"C","202":"z","203":"B","204":",","205":"I","206":"A","207":"A","208":"M","209":",","210":"c","211":"A","212":"A","213":"c","214":",","215":"G","216":"A","217":"A","218":"G","219":",","220":"a","221":"A","222":"A","223":"G","224":",","225":"E","226":"A","227":"A","228":"C","229":",","230":"K","231":"A","232":"A","233":"K","234":",","235":"C","236":"A","237":"A","238":"C","239":";","240":"I","241":"A","242":"C","243":"j","244":"C","245":",","246":"I","247":"A","248":"A","249":"M","250":",","251":"i","252":"B","253":"A","254":"A","255":"i","256":"B","257":",","258":"G","259":"A","260":"A","261":"G","262":",","263":"a","264":"A","265":"A","266":"G","267":",","268":"E","269":"A","270":"A","271":"C","272":",","273":"K","274":"A","275":"A","276":"K","277":",","278":"C","279":"A","280":"A","281":"C","282":";","283":"I","284":"A","285":"C","286":"p","287":"C","288":",","289":"I","290":"A","291":"A","292":"M","293":",","294":"W","295":"A","296":"A","297":"W","298":",","299":"G","300":"A","301":"A","302":"G","303":",","304":"a","305":"A","306":"A","307":"G","308":",","309":"E","310":"A","311":"A","312":"C","313":",","314":"K","315":"A","316":"A","317":"K","318":",","319":"C","320":"A","321":"A","322":"C","323":";","324":"I","325":"A","326":"E","327":"9","328":"B","329":",","330":"I","331":"A","332":"A","333":"M","334":",","335":"g","336":"B","337":"A","338":"A","339":"g","340":"B","341":",","342":"G","343":"A","344":"A","345":"G","346":";","347":"M","348":"A","349":"C","350":"v","351":"B","352":",","353":"I","354":"A","355":"A","356":"M","357":",","358":"I","359":"A","360":"A","361":"I","362":",","363":"G","364":"A","365":"A","366":"G","367":",","368":"Q","369":"A","370":"A","371":"Q","372":",","373":"C","374":"A","375":"A","376":"C","377":",","378":"e","379":"A","380":"A","381":"e","382":";","383":"M","384":"A","385":"C","386":"r","387":"C","388":",","389":"I","390":"A","391":"A","392":"M","393":",","394":"W","395":"A","396":"A","397":"W","398":",","399":"G","400":"A","401":"A","402":"G","403":",","404":"Q","405":"A","406":"A","407":"Q","408":",","409":"C","410":"A","411":"A","412":"C","413":",","414":"g","415":"B","416":"A","417":"A","418":"g","419":"B","420":",","421":"C","422":"A","423":"A","424":"C","425":",","426":"I","427":"A","428":"A","429":"I","430":",","431":"C","432":"A","433":"A","434":"C","435":",","436":"C","437":"A","438":"A","439":"C","440":",","441":"Q","442":"A","443":"A","444":"Q","445":",","446":"C","447":"A","448":"A","449":"C","450":";","451":"M","452":"A","453":"C","454":"7","455":"D","456":",","457":"I","458":"A","459":"A","460":"I","461":",","462":"C","463":"A","464":"A","465":"C","466":",","467":"K","468":"A","469":"A","470":"K","471":",","472":"C","473":"A","474":"A","475":"C","476":",","477":"Q","478":"A","479":"A","480":"Q","481":",","482":"G","483":"A","484":"A","485":"G","486":",","487":"U","488":"A","489":"A","490":"G","491":",","492":"W","493":"A","494":"A","495":"W","496":",","497":"G","498":"A","499":"A","500":"G","501":",","502":"C","503":"A","504":"A","505":"C","506":",","507":"O","508":"A","509":"A","510":"I","511":";","512":"I","513":"A","514":"C","515":"9","516":"C","517":",","518":"C","519":"A","520":"A","521":"C","522":";","523":"I","524":"A","525":"E","526":"D","527":",","528":"I","529":"A","530":"A","531":"M","532":",","533":"g","534":"B","535":"A","536":"A","537":"g","538":"B","539":",","540":"G","541":"A","542":"A","543":"G","544":";","545":"M","546":"A","547":"C","548":"v","549":"B","550":",","551":"I","552":"A","553":"A","554":"M","555":",","556":"I","557":"A","558":"A","559":"I","560":",","561":"G","562":"A","563":"A","564":"G","565":",","566":"Q","567":"A","568":"A","569":"Q","570":",","571":"C","572":"A","573":"A","574":"C","575":",","576":"e","577":"A","578":"A","579":"e","580":";","581":"M","582":"A","583":"C","584":"r","585":"C","586":",","587":"I","588":"A","589":"A","590":"M","591":",","592":"W","593":"A","594":"A","595":"W","596":",","597":"G","598":"A","599":"A","600":"G","601":",","602":"Q","603":"A","604":"A","605":"Q","606":",","607":"C","608":"A","609":"A","610":"C","611":",","612":"g","613":"B","614":"A","615":"A","616":"g","617":"B","618":",","619":"C","620":"A","621":"A","622":"C","623":",","624":"I","625":"A","626":"A","627":"I","628":",","629":"C","630":"A","631":"A","632":"C","633":",","634":"C","635":"A","636":"A","637":"C","638":",","639":"Q","640":"A","641":"A","642":"Q","643":",","644":"C","645":"A","646":"A","647":"C","648":";","649":"M","650":"A","651":"C","652":"7","653":"D","654":",","655":"I","656":"A","657":"A","658":"I","659":",","660":"W","661":"A","662":"A","663":"W","664":",","665":"G","666":"A","667":"A","668":"G","669":",","670":"E","671":"A","672":"A","673":"E","674":",","675":"E","676":"A","677":"A","678":"E","679":";","680":"Q","681":"A","682":"C","683":"p","684":"B","685":";","686":"Q","687":"A","688":"C","689":"A","690":",","691":"I","692":"A","693":"A","694":"I","695":",","696":"C","697":"A","698":"A","699":"C","700":",","701":"K","702":"A","703":"A","704":"K","705":",","706":"C","707":"A","708":"A","709":"C","710":",","711":"Q","712":"A","713":"A","714":"Q","715":",","716":"G","717":"A","718":"A","719":"G","720":",","721":"U","722":"A","723":"A","724":"G","725":",","726":"W","727":"A","728":"A","729":"W","730":",","731":"G","732":"A","733":"A","734":"G","735":",","736":"C","737":"A","738":"A","739":"C","740":",","741":"O","742":"A","743":"A","744":"I","745":";","746":";","747":"I","748":"A","749":"E","750":"h","751":"D","752":",","753":"C","754":"A","755":"A","756":"C","757":";","758":"I","759":"A","760":"E","761":"D","762":",","763":"I","764":"A","765":"A","766":"M","767":",","768":"g","769":"B","770":"A","771":"A","772":"g","773":"B","774":",","775":"G","776":"A","777":"A","778":"G","779":";","780":"M","781":"A","782":"C","783":"v","784":"B","785":",","786":"W","787":"A","788":"A","789":"W","790":",","791":"C","792":"A","793":"A","794":"C","795":",","796":"K","797":"A","798":"A","799":"K","800":",","801":"G","802":"A","803":"A","804":"G","805":",","806":"C","807":"A","808":"A","809":"C","810":",","811":"W","812":"A","813":"A","814":"W","815":",","816":"C","817":"A","818":"A","819":"C","820":",","821":"K","822":"A","823":"A","824":"K","825":";","826":"M","827":"A","828":"C","829":"t","830":"C","831":",","832":"Q","833":"A","834":"A","835":"Q","836":",","837":"C","838":"A","839":"A","840":"C","841":",","842":"I","843":"A","844":"A","845":"I","846":",","847":"C","848":"A","849":"A","850":"C","851":",","852":"S","853":"A","854":"A","855":"S","856":",","857":"C","858":"A","859":"A","860":"C","861":",","862":"M","863":"A","864":"A","865":"M","866":",","867":"C","868":"A","869":"A","870":"C","871":",","872":"i","873":"B","874":"A","875":"A","876":"i","877":"B","878":",","879":"C","880":"A","881":"A","882":"C","883":";","884":"I","885":"A","886":"C","887":"n","888":"D","889":",","890":"C","891":"A","892":"A","893":"C","894":";","895":"I","896":"A","897":"E","898":"D","899":",","900":"I","901":"A","902":"A","903":"M","904":",","905":"k","906":"B","907":"A","908":"A","909":"k","910":"B","911":",","912":"G","913":"A","914":"A","915":"G","916":";","917":"M","918":"A","919":"C","920":"z","921":"B","922":",","923":"c","924":"A","925":"A","926":"c","927":",","928":"C","929":"A","930":"A","931":"C","932":",","933":"K","934":"A","935":"A","936":"K","937":",","938":"G","939":"A","940":"A","941":"G","942":",","943":"C","944":"A","945":"A","946":"C","947":",","948":"c","949":"A","950":"A","951":"c","952":",","953":"C","954":"A","955":"A","956":"C","957":",","958":"K","959":"A","960":"A","961":"K","962":";","963":"M","964":"A","965":"C","966":"5","967":"C","968":",","969":"Q","970":"A","971":"A","972":"Q","973":",","974":"C","975":"A","976":"A","977":"C","978":",","979":"I","980":"A","981":"A","982":"I","983":",","984":"C","985":"A","986":"A","987":"C","988":",","989":"S","990":"A","991":"A","992":"S","993":",","994":"C","995":"A","996":"A","997":"C","998":",","999":"M","1000":"A","1001":"A","1002":"M","1003":",","1004":"C","1005":"A","1006":"A","1007":"C","1008":",","1009":"e","1010":"A","1011":"A","1012":"e","1013":",","1014":"C","1015":"A","1016":"A","1017":"C","1018":";","1019":"I","1020":"A","1021":"C","1022":"j","1023":"D","1024":",","1025":"C","1026":"A","1027":"A","1028":"C","1029":";","1030":"I","1031":"A","1032":"E","1033":"D","1034":",","1035":"I","1036":"A","1037":"A","1038":"M","1039":",","1040":"g","1041":"B","1042":"A","1043":"A","1044":"g","1045":"B","1046":",","1047":"G","1048":"A","1049":"A","1050":"G","1051":";","1052":"M","1053":"A","1054":"C","1055":"v","1056":"B","1057":",","1058":"i","1059":"B","1060":"A","1061":"A","1062":"i","1063":"B","1064":",","1065":"C","1066":"A","1067":"A","1068":"C","1069":",","1070":"K","1071":"A","1072":"A","1073":"K","1074":",","1075":"G","1076":"A","1077":"A","1078":"G","1079":",","1080":"C","1081":"A","1082":"A","1083":"C","1084":",","1085":"i","1086":"B","1087":"A","1088":"A","1089":"i","1090":"B","1091":",","1092":"C","1093":"A","1094":"A","1095":"C","1096":",","1097":"K","1098":"A","1099":"A","1100":"K","1101":";","1102":"M","1103":"A","1104":"C","1105":"l","1106":"D","1107":",","1108":"Q","1109":"A","1110":"A","1111":"Q","1112":",","1113":"C","1114":"A","1115":"A","1116":"C","1117":",","1118":"I","1119":"A","1120":"A","1121":"I","1122":",","1123":"C","1124":"A","1125":"A","1126":"C","1127":",","1128":"S","1129":"A","1130":"A","1131":"S","1132":",","1133":"C","1134":"A","1135":"A","1136":"C","1137":",","1138":"M","1139":"A","1140":"A","1141":"M","1142":",","1143":"C","1144":"A","1145":"A","1146":"C","1147":",","1148":"m","1149":"B","1150":"A","1151":"A","1152":"m","1153":"B","1154":",","1155":"C","1156":"A","1157":"A","1158":"C","1159":";","1160":"I","1161":"A","1162":"C","1163":"r","1164":"D","1165":",","1166":"C","1167":"A","1168":"A","1169":"C","1170":"\"","1171":",","1172":"\"","1173":"f","1174":"i","1175":"l","1176":"e","1177":"\"","1178":":","1179":"\"","1180":"/","1181":"U","1182":"s","1183":"e","1184":"r","1185":"s","1186":"/","1187":"j","1188":"d","1189":"h","1190":"i","1191":"m","1192":"a","1193":"n","1194":"/","1195":"D","1196":"o","1197":"c","1198":"u","1199":"m","1200":"e","1201":"n","1202":"t","1203":"s","1204":"/","1205":"b","1206":"a","1207":"d","1208":"e","1209":"b","1210":"l","1211":"o","1212":"g","1213":"/","1214":"b","1215":"a","1216":"d","1217":"e","1218":"b","1219":"l","1220":"o","1221":"g","1222":"-","1223":"f","1224":"r","1225":"o","1226":"n","1227":"t","1228":"e","1229":"n","1230":"d","1231":"/","1232":"s","1233":"r","1234":"c","1235":"/","1236":"c","1237":"o","1238":"m","1239":"p","1240":"o","1241":"n","1242":"e","1243":"n","1244":"t","1245":"s","1246":"/","1247":"A","1248":"c","1249":"c","1250":"e","1251":"s","1252":"s","1253":"i","1254":"b","1255":"i","1256":"l","1257":"t","1258":"y","1259":"C","1260":"o","1261":"n","1262":"t","1263":"r","1264":"o","1265":"l","1266":"s","1267":".","1268":"v","1269":"u","1270":"e","1271":"\"","1272":",","1273":"\"","1274":"s","1275":"o","1276":"u","1277":"r","1278":"c","1279":"e","1280":"s","1281":"C","1282":"o","1283":"n","1284":"t","1285":"e","1286":"n","1287":"t","1288":"\"","1289":":","1290":"[","1291":"\"","1292":"<","1293":"t","1294":"e","1295":"m","1296":"p","1297":"l","1298":"a","1299":"t","1300":"e","1301":">","1302":"\\","1303":"n","1304":" ","1305":" ","1306":"<","1307":"d","1308":"i","1309":"v","1310":"\\","1311":"n","1312":" ","1313":" ","1314":" ","1315":" ","1316":"c","1317":"l","1318":"a","1319":"s","1320":"s","1321":"=","1322":"\\","1323":"\"","1324":"f","1325":"i","1326":"x","1327":"e","1328":"d","1329":" ","1330":"b","1331":"o","1332":"t","1333":"t","1334":"o","1335":"m","1336":"-","1337":"4","1338":" ","1339":"r","1340":"i","1341":"g","1342":"h","1343":"t","1344":"-","1345":"4","1346":" ","1347":"b","1348":"g","1349":"-","1350":"w","1351":"h","1352":"i","1353":"t","1354":"e","1355":" ","1356":"p","1357":"-","1358":"4","1359":" ","1360":"r","1361":"o","1362":"u","1363":"n","1364":"d","1365":"e","1366":"d","1367":"-","1368":"l","1369":"g","1370":" ","1371":"s","1372":"h","1373":"a","1374":"d","1375":"o","1376":"w","1377":"-","1378":"l","1379":"g","1380":" ","1381":"b","1382":"o","1383":"r","1384":"d","1385":"e","1386":"r","1387":"-","1388":"2","1389":" ","1390":"b","1391":"o","1392":"r","1393":"d","1394":"e","1395":"r","1396":"-","1397":"g","1398":"r","1399":"a","1400":"y","1401":"-","1402":"2","1403":"0","1404":"0","1405":"\\","1406":"\"","1407":"\\","1408":"n","1409":" ","1410":" ","1411":" ","1412":" ","1413":"a","1414":"r","1415":"i","1416":"a","1417":"-","1418":"l","1419":"a","1420":"b","1421":"e","1422":"l","1423":"=","1424":"\\","1425":"\"","1426":"A","1427":"c","1428":"c","1429":"e","1430":"s","1431":"s","1432":"i","1433":"b","1434":"i","1435":"l","1436":"i","1437":"t","1438":"y","1439":" ","1440":"c","1441":"o","1442":"n","1443":"t","1444":"r","1445":"o","1446":"l","1447":"s","1448":"\\","1449":"\"","1450":"\\","1451":"n","1452":" ","1453":" ","1454":">","1455":"\\","1456":"n","1457":" ","1458":" ","1459":" ","1460":" ","1461":"<","1462":"!","1463":"-","1464":"-","1465":" ","1466":"T","1467":"o","1468":"g","1469":"g","1470":"l","1471":"e","1472":" ","1473":"B","1474":"u","1475":"t","1476":"t","1477":"o","1478":"n","1479":" ","1480":"t","1481":"o","1482":" ","1483":"S","1484":"h","1485":"o","1486":"w","1487":"/","1488":"H","1489":"i","1490":"d","1491":"e","1492":" ","1493":"C","1494":"o","1495":"n","1496":"t","1497":"r","1498":"o","1499":"l","1500":"s","1501":" ","1502":"-","1503":"-","1504":">","1505":"\\","1506":"n","1507":" ","1508":" ","1509":" ","1510":" ","1511":"<","1512":"b","1513":"u","1514":"t","1515":"t","1516":"o","1517":"n","1518":"\\","1519":"n","1520":" ","1521":" ","1522":" ","1523":" ","1524":" ","1525":" ","1526":"@","1527":"c","1528":"l","1529":"i","1530":"c","1531":"k","1532":"=","1533":"\\","1534":"\"","1535":"i","1536":"s","1537":"O","1538":"p","1539":"e","1540":"n","1541":" ","1542":"=","1543":" ","1544":"!","1545":"i","1546":"s","1547":"O","1548":"p","1549":"e","1550":"n","1551":"\\","1552":"\"","1553":"\\","1554":"n","1555":" ","1556":" ","1557":" ","1558":" ","1559":" ","1560":" ","1561":"c","1562":"l","1563":"a","1564":"s","1565":"s","1566":"=","1567":"\\","1568":"\"","1569":"t","1570":"e","1571":"x","1572":"t","1573":"-","1574":"2","1575":"x","1576":"l","1577":" ","1578":"w","1579":"-","1580":"f","1581":"u","1582":"l","1583":"l","1584":" ","1585":"f","1586":"l","1587":"e","1588":"x","1589":" ","1590":"i","1591":"t","1592":"e","1593":"m","1594":"s","1595":"-","1596":"c","1597":"e","1598":"n","1599":"t","1600":"e","1601":"r","1602":" ","1603":"j","1604":"u","1605":"s","1606":"t","1607":"i","1608":"f","1609":"y","1610":"-","1611":"b","1612":"e","1613":"t","1614":"w","1615":"e","1616":"e","1617":"n","1618":" ","1619":"t","1620":"e","1621":"x","1622":"t","1623":"-","1624":"g","1625":"r","1626":"a","1627":"y","1628":"-","1629":"7","1630":"0","1631":"0","1632":" ","1633":"m","1634":"b","1635":"-","1636":"2","1637":"\\","1638":"\"","1639":"\\","1640":"n","1641":" ","1642":" ","1643":" ","1644":" ","1645":" ","1646":" ","1647":":","1648":"a","1649":"r","1650":"i","1651":"a","1652":"-","1653":"e","1654":"x","1655":"p","1656":"a","1657":"n","1658":"d","1659":"e","1660":"d","1661":"=","1662":"\\","1663":"\"","1664":"i","1665":"s","1666":"O","1667":"p","1668":"e","1669":"n","1670":"\\","1671":"\"","1672":"\\","1673":"n","1674":" ","1675":" ","1676":" ","1677":" ","1678":">","1679":"\\","1680":"n","1681":" ","1682":" ","1683":" ","1684":" ","1685":" ","1686":" ","1687":"<","1688":"s","1689":"p","1690":"a","1691":"n","1692":" ","1693":"c","1694":"l","1695":"a","1696":"s","1697":"s","1698":"=","1699":"\\","1700":"\"","1701":"t","1702":"e","1703":"x","1704":"t","1705":"-","1706":"l","1707":"g","1708":"\\","1709":"\"","1710":">","1711":"A","1712":"c","1713":"c","1714":"e","1715":"s","1716":"s","1717":"i","1718":"b","1719":"i","1720":"l","1721":"i","1722":"t","1723":"y","1724":"<","1725":"/","1726":"s","1727":"p","1728":"a","1729":"n","1730":">","1731":"\\","1732":"n","1733":" ","1734":" ","1735":" ","1736":" ","1737":" ","1738":" ","1739":"<","1740":"s","1741":"p","1742":"a","1743":"n","1744":">","1745":"{","1746":"{","1747":" ","1748":"i","1749":"s","1750":"O","1751":"p","1752":"e","1753":"n","1754":" ","1755":"?","1756":" ","1757":"\\","1758":"\"","1759":"▼","1760":"\\","1761":"\"","1762":" ","1763":":","1764":" ","1765":"\\","1766":"\"","1767":"▲","1768":"\\","1769":"\"","1770":" ","1771":"}","1772":"}","1773":"<","1774":"/","1775":"s","1776":"p","1777":"a","1778":"n","1779":">","1780":"\\","1781":"n","1782":" ","1783":" ","1784":" ","1785":" ","1786":"<","1787":"/","1788":"b","1789":"u","1790":"t","1791":"t","1792":"o","1793":"n","1794":">","1795":"\\","1796":"n","1797":"\\","1798":"n","1799":" ","1800":" ","1801":" ","1802":" ","1803":"<","1804":"!","1805":"-","1806":"-","1807":" ","1808":"C","1809":"o","1810":"n","1811":"t","1812":"r","1813":"o","1814":"l","1815":"s","1816":" ","1817":"P","1818":"a","1819":"n","1820":"e","1821":"l","1822":" ","1823":"-","1824":"-","1825":">","1826":"\\","1827":"n","1828":" ","1829":" ","1830":" ","1831":" ","1832":"<","1833":"d","1834":"i","1835":"v","1836":" ","1837":"v","1838":"-","1839":"i","1840":"f","1841":"=","1842":"\\","1843":"\"","1844":"i","1845":"s","1846":"O","1847":"p","1848":"e","1849":"n","1850":"\\","1851":"\"","1852":" ","1853":"c","1854":"l","1855":"a","1856":"s","1857":"s","1858":"=","1859":"\\","1860":"\"","1861":"s","1862":"p","1863":"a","1864":"c","1865":"e","1866":"-","1867":"y","1868":"-","1869":"3","1870":"\\","1871":"\"","1872":">","1873":"\\","1874":"n","1875":" ","1876":" ","1877":" ","1878":" ","1879":" ","1880":" ","1881":"<","1882":"!","1883":"-","1884":"-","1885":" ","1886":"F","1887":"o","1888":"n","1889":"t","1890":" ","1891":"S","1892":"i","1893":"z","1894":"e","1895":" ","1896":"C","1897":"o","1898":"n","1899":"t","1900":"r","1901":"o","1902":"l","1903":"s","1904":" ","1905":"-","1906":"-","1907":">","1908":"\\","1909":"n","1910":" ","1911":" ","1912":" ","1913":" ","1914":" ","1915":" ","1916":"<","1917":"d","1918":"i","1919":"v","1920":" ","1921":"c","1922":"l","1923":"a","1924":"s","1925":"s","1926":"=","1927":"\\","1928":"\"","1929":"s","1930":"p","1931":"a","1932":"c","1933":"e","1934":"-","1935":"y","1936":"-","1937":"2","1938":"\\","1939":"\"","1940":">","1941":"\\","1942":"n","1943":" ","1944":" ","1945":" ","1946":" ","1947":" ","1948":" ","1949":" ","1950":" ","1951":"<","1952":"p","1953":" ","1954":"c","1955":"l","1956":"a","1957":"s","1958":"s","1959":"=","1960":"\\","1961":"\"","1962":"t","1963":"e","1964":"x","1965":"t","1966":"-","1967":"l","1968":"g","1969":" ","1970":"f","1971":"o","1972":"n","1973":"t","1974":"-","1975":"m","1976":"e","1977":"d","1978":"i","1979":"u","1980":"m","1981":" ","1982":"t","1983":"e","1984":"x","1985":"t","1986":"-","1987":"g","1988":"r","1989":"a","1990":"y","1991":"-","1992":"7","1993":"0","1994":"0","1995":"\\","1996":"\"","1997":">","1998":"T","1999":"e","2000":"x","2001":"t","2002":" ","2003":"S","2004":"i","2005":"z","2006":"e","2007":"<","2008":"/","2009":"p","2010":">","2011":"\\","2012":"n","2013":" ","2014":" ","2015":" ","2016":" ","2017":" ","2018":" ","2019":" ","2020":" ","2021":"<","2022":"d","2023":"i","2024":"v","2025":" ","2026":"c","2027":"l","2028":"a","2029":"s","2030":"s","2031":"=","2032":"\\","2033":"\"","2034":"f","2035":"l","2036":"e","2037":"x","2038":" ","2039":"s","2040":"p","2041":"a","2042":"c","2043":"e","2044":"-","2045":"x","2046":"-","2047":"2","2048":"\\","2049":"\"","2050":">","2051":"\\","2052":"n","2053":" ","2054":" ","2055":" ","2056":" ","2057":" ","2058":" ","2059":" ","2060":" ","2061":" ","2062":" ","2063":"<","2064":"b","2065":"u","2066":"t","2067":"t","2068":"o","2069":"n","2070":"\\","2071":"n","2072":" ","2073":" ","2074":" ","2075":" ","2076":" ","2077":" ","2078":" ","2079":" ","2080":" ","2081":" ","2082":" ","2083":" ","2084":"@","2085":"c","2086":"l","2087":"i","2088":"c","2089":"k","2090":"=","2091":"\\","2092":"\"","2093":"d","2094":"e","2095":"c","2096":"r","2097":"e","2098":"a","2099":"s","2100":"e","2101":"F","2102":"o","2103":"n","2104":"t","2105":"S","2106":"i","2107":"z","2108":"e","2109":"\\","2110":"\"","2111":"\\","2112":"n","2113":" ","2114":" ","2115":" ","2116":" ","2117":" ","2118":" ","2119":" ","2120":" ","2121":" ","2122":" ","2123":" ","2124":" ","2125":"c","2126":"l","2127":"a","2128":"s","2129":"s","2130":"=","2131":"\\","2132":"\"","2133":"f","2134":"l","2135":"e","2136":"x","2137":"-","2138":"1","2139":" ","2140":"p","2141":"x","2142":"-","2143":"4","2144":" ","2145":"p","2146":"y","2147":"-","2148":"2","2149":" ","2150":"b","2151":"g","2152":"-","2153":"g","2154":"r","2155":"a","2156":"y","2157":"-","2158":"1","2159":"0","2160":"0","2161":" ","2162":"h","2163":"o","2164":"v","2165":"e","2166":"r","2167":":","2168":"b","2169":"g","2170":"-","2171":"g","2172":"r","2173":"a","2174":"y","2175":"-","2176":"2","2177":"0","2178":"0","2179":" ","2180":"r","2181":"o","2182":"u","2183":"n","2184":"d","2185":"e","2186":"d","2187":"-","2188":"l","2189":"g","2190":" ","2191":"t","2192":"e","2193":"x","2194":"t","2195":"-","2196":"l","2197":"g","2198":"\\","2199":"\"","2200":"\\","2201":"n","2202":" ","2203":" ","2204":" ","2205":" ","2206":" ","2207":" ","2208":" ","2209":" ","2210":" ","2211":" ","2212":" ","2213":" ","2214":"a","2215":"r","2216":"i","2217":"a","2218":"-","2219":"l","2220":"a","2221":"b","2222":"e","2223":"l","2224":"=","2225":"\\","2226":"\"","2227":"D","2228":"e","2229":"c","2230":"r","2231":"e","2232":"a","2233":"s","2234":"e","2235":" ","2236":"f","2237":"o","2238":"n","2239":"t","2240":" ","2241":"s","2242":"i","2243":"z","2244":"e","2245":"\\","2246":"\"","2247":"\\","2248":"n","2249":" ","2250":" ","2251":" ","2252":" ","2253":" ","2254":" ","2255":" ","2256":" ","2257":" ","2258":" ","2259":">","2260":"\\","2261":"n","2262":" ","2263":" ","2264":" ","2265":" ","2266":" ","2267":" ","2268":" ","2269":" ","2270":" ","2271":" ","2272":" ","2273":" ","2274":"A","2275":"-","2276":"\\","2277":"n","2278":" ","2279":" ","2280":" ","2281":" ","2282":" ","2283":" ","2284":" ","2285":" ","2286":" ","2287":" ","2288":"<","2289":"/","2290":"b","2291":"u","2292":"t","2293":"t","2294":"o","2295":"n","2296":">","2297":"\\","2298":"n","2299":" ","2300":" ","2301":" ","2302":" ","2303":" ","2304":" ","2305":" ","2306":" ","2307":" ","2308":" ","2309":"<","2310":"b","2311":"u","2312":"t","2313":"t","2314":"o","2315":"n","2316":"\\","2317":"n","2318":" ","2319":" ","2320":" ","2321":" ","2322":" ","2323":" ","2324":" ","2325":" ","2326":" ","2327":" ","2328":" ","2329":" ","2330":"@","2331":"c","2332":"l","2333":"i","2334":"c","2335":"k","2336":"=","2337":"\\","2338":"\"","2339":"i","2340":"n","2341":"c","2342":"r","2343":"e","2344":"a","2345":"s","2346":"e","2347":"F","2348":"o","2349":"n","2350":"t","2351":"S","2352":"i","2353":"z","2354":"e","2355":"\\","2356":"\"","2357":"\\","2358":"n","2359":" ","2360":" ","2361":" ","2362":" ","2363":" ","2364":" ","2365":" ","2366":" ","2367":" ","2368":" ","2369":" ","2370":" ","2371":"c","2372":"l","2373":"a","2374":"s","2375":"s","2376":"=","2377":"\\","2378":"\"","2379":"f","2380":"l","2381":"e","2382":"x","2383":"-","2384":"1","2385":" ","2386":"p","2387":"x","2388":"-","2389":"4","2390":" ","2391":"p","2392":"y","2393":"-","2394":"2","2395":" ","2396":"b","2397":"g","2398":"-","2399":"g","2400":"r","2401":"a","2402":"y","2403":"-","2404":"1","2405":"0","2406":"0","2407":" ","2408":"h","2409":"o","2410":"v","2411":"e","2412":"r","2413":":","2414":"b","2415":"g","2416":"-","2417":"g","2418":"r","2419":"a","2420":"y","2421":"-","2422":"2","2423":"0","2424":"0","2425":" ","2426":"r","2427":"o","2428":"u","2429":"n","2430":"d","2431":"e","2432":"d","2433":"-","2434":"l","2435":"g","2436":" ","2437":"t","2438":"e","2439":"x","2440":"t","2441":"-","2442":"l","2443":"g","2444":"\\","2445":"\"","2446":"\\","2447":"n","2448":" ","2449":" ","2450":" ","2451":" ","2452":" ","2453":" ","2454":" ","2455":" ","2456":" ","2457":" ","2458":" ","2459":" ","2460":"a","2461":"r","2462":"i","2463":"a","2464":"-","2465":"l","2466":"a","2467":"b","2468":"e","2469":"l","2470":"=","2471":"\\","2472":"\"","2473":"I","2474":"n","2475":"c","2476":"r","2477":"e","2478":"a","2479":"s","2480":"e","2481":" ","2482":"f","2483":"o","2484":"n","2485":"t","2486":" ","2487":"s","2488":"i","2489":"z","2490":"e","2491":"\\","2492":"\"","2493":"\\","2494":"n","2495":" ","2496":" ","2497":" ","2498":" ","2499":" ","2500":" ","2501":" ","2502":" ","2503":" ","2504":" ","2505":">","2506":"\\","2507":"n","2508":" ","2509":" ","2510":" ","2511":" ","2512":" ","2513":" ","2514":" ","2515":" ","2516":" ","2517":" ","2518":" ","2519":" ","2520":"A","2521":"+","2522":"\\","2523":"n","2524":" ","2525":" ","2526":" ","2527":" ","2528":" ","2529":" ","2530":" ","2531":" ","2532":" ","2533":" ","2534":"<","2535":"/","2536":"b","2537":"u","2538":"t","2539":"t","2540":"o","2541":"n","2542":">","2543":"\\","2544":"n","2545":" ","2546":" ","2547":" ","2548":" ","2549":" ","2550":" ","2551":" ","2552":" ","2553":"<","2554":"/","2555":"d","2556":"i","2557":"v","2558":">","2559":"\\","2560":"n","2561":" ","2562":" ","2563":" ","2564":" ","2565":" ","2566":" ","2567":"<","2568":"/","2569":"d","2570":"i","2571":"v","2572":">","2573":"\\","2574":"n","2575":"\\","2576":"n","2577":" ","2578":" ","2579":" ","2580":" ","2581":" ","2582":" ","2583":"<","2584":"!","2585":"-","2586":"-","2587":"F","2588":"o","2589":"n","2590":"t","2591":" ","2592":"F","2593":"a","2594":"m","2595":"i","2596":"l","2597":"y","2598":" ","2599":"C","2600":"o","2601":"n","2602":"t","2603":"r","2604":"o","2605":"l","2606":" ","2607":"-","2608":"-","2609":">","2610":"\\","2611":"n","2612":" ","2613":" ","2614":" ","2615":" ","2616":" ","2617":" ","2618":"<","2619":"d","2620":"i","2621":"v","2622":" ","2623":"c","2624":"l","2625":"a","2626":"s","2627":"s","2628":"=","2629":"\\","2630":"\"","2631":"s","2632":"p","2633":"a","2634":"c","2635":"e","2636":"-","2637":"y","2638":"-","2639":"2","2640":"\\","2641":"\"","2642":">","2643":"\\","2644":"n","2645":" ","2646":" ","2647":" ","2648":" ","2649":" ","2650":" ","2651":" ","2652":" ","2653":"<","2654":"p","2655":" ","2656":"c","2657":"l","2658":"a","2659":"s","2660":"s","2661":"=","2662":"\\","2663":"\"","2664":"t","2665":"e","2666":"x","2667":"t","2668":"-","2669":"l","2670":"g","2671":" ","2672":"f","2673":"o","2674":"n","2675":"t","2676":"-","2677":"m","2678":"e","2679":"d","2680":"i","2681":"u","2682":"m","2683":" ","2684":"t","2685":"e","2686":"x","2687":"t","2688":"-","2689":"g","2690":"r","2691":"a","2692":"y","2693":"-","2694":"7","2695":"0","2696":"0","2697":"\\","2698":"\"","2699":">","2700":"F","2701":"o","2702":"n","2703":"t","2704":" ","2705":"F","2706":"a","2707":"m","2708":"i","2709":"l","2710":"y","2711":"<","2712":"/","2713":"p","2714":">","2715":"\\","2716":"n","2717":" ","2718":" ","2719":" ","2720":" ","2721":" ","2722":" ","2723":" ","2724":" ","2725":"<","2726":"b","2727":"u","2728":"t","2729":"t","2730":"o","2731":"n","2732":"\\","2733":"n","2734":" ","2735":" ","2736":" ","2737":" ","2738":" ","2739":" ","2740":" ","2741":" ","2742":" ","2743":" ","2744":"@","2745":"c","2746":"l","2747":"i","2748":"c","2749":"k","2750":"=","2751":"\\","2752":"\"","2753":"t","2754":"o","2755":"g","2756":"g","2757":"l","2758":"e","2759":"F","2760":"o","2761":"n","2762":"t","2763":"F","2764":"a","2765":"m","2766":"i","2767":"l","2768":"y","2769":"\\","2770":"\"","2771":"\\","2772":"n","2773":" ","2774":" ","2775":" ","2776":" ","2777":" ","2778":" ","2779":" ","2780":" ","2781":" ","2782":" ","2783":"c","2784":"l","2785":"a","2786":"s","2787":"s","2788":"=","2789":"\\","2790":"\"","2791":"w","2792":"-","2793":"f","2794":"u","2795":"l","2796":"l","2797":" ","2798":"p","2799":"x","2800":"-","2801":"4","2802":" ","2803":"p","2804":"y","2805":"-","2806":"2","2807":" ","2808":"b","2809":"g","2810":"-","2811":"g","2812":"r","2813":"a","2814":"y","2815":"-","2816":"1","2817":"0","2818":"0","2819":" ","2820":"h","2821":"o","2822":"v","2823":"e","2824":"r","2825":":","2826":"b","2827":"g","2828":"-","2829":"g","2830":"r","2831":"a","2832":"y","2833":"-","2834":"2","2835":"0","2836":"0","2837":" ","2838":"r","2839":"o","2840":"u","2841":"n","2842":"d","2843":"e","2844":"d","2845":"-","2846":"l","2847":"g","2848":" ","2849":"t","2850":"e","2851":"x","2852":"t","2853":"-","2854":"l","2855":"g","2856":"\\","2857":"\"","2858":"\\","2859":"n","2860":" ","2861":" ","2862":" ","2863":" ","2864":" ","2865":" ","2866":" ","2867":" ","2868":" ","2869":" ","2870":":","2871":"c","2872":"l","2873":"a","2874":"s","2875":"s","2876":"=","2877":"\\","2878":"\"","2879":"{","2880":" ","2881":"'","2882":"b","2883":"g","2884":"-","2885":"b","2886":"l","2887":"u","2888":"e","2889":"-","2890":"6","2891":"0","2892":"0","2893":" ","2894":"t","2895":"e","2896":"x","2897":"t","2898":"-","2899":"w","2900":"h","2901":"i","2902":"t","2903":"e","2904":" ","2905":"h","2906":"o","2907":"v","2908":"e","2909":"r","2910":":","2911":"b","2912":"g","2913":"-","2914":"b","2915":"l","2916":"u","2917":"e","2918":"-","2919":"7","2920":"0","2921":"0","2922":"'","2923":":","2924":" ","2925":"i","2926":"s","2927":"S","2928":"a","2929":"n","2930":"s","2931":"S","2932":"e","2933":"r","2934":"i","2935":"f","2936":" ","2937":"}","2938":"\\","2939":"\"","2940":"\\","2941":"n","2942":" ","2943":" ","2944":" ","2945":" ","2946":" ","2947":" ","2948":" ","2949":" ","2950":">","2951":"\\","2952":"n","2953":" ","2954":" ","2955":" ","2956":" ","2957":" ","2958":" ","2959":" ","2960":" ","2961":" ","2962":" ","2963":"S","2964":"a","2965":"n","2966":"s","2967":"-","2968":"s","2969":"e","2970":"r","2971":"i","2972":"f","2973":" ","2974":"F","2975":"o","2976":"n","2977":"t","2978":"\\","2979":"n","2980":" ","2981":" ","2982":" ","2983":" ","2984":" ","2985":" ","2986":" ","2987":" ","2988":"<","2989":"/","2990":"b","2991":"u","2992":"t","2993":"t","2994":"o","2995":"n","2996":">","2997":"\\","2998":"n","2999":" ","3000":" ","3001":" ","3002":" ","3003":" ","3004":" ","3005":"<","3006":"/","3007":"d","3008":"i","3009":"v","3010":">","3011":"\\","3012":"n","3013":"\\","3014":"n","3015":" ","3016":" ","3017":" ","3018":" ","3019":" ","3020":" ","3021":"<","3022":"!","3023":"-","3024":"-","3025":" ","3026":"C","3027":"o","3028":"n","3029":"t","3030":"r","3031":"a","3032":"s","3033":"t","3034":" ","3035":"C","3036":"o","3037":"n","3038":"t","3039":"r","3040":"o","3041":"l","3042":"s","3043":" ","3044":"-","3045":"-","3046":">","3047":"\\","3048":"n","3049":" ","3050":" ","3051":" ","3052":" ","3053":" ","3054":" ","3055":"<","3056":"d","3057":"i","3058":"v","3059":" ","3060":"c","3061":"l","3062":"a","3063":"s","3064":"s","3065":"=","3066":"\\","3067":"\"","3068":"s","3069":"p","3070":"a","3071":"c","3072":"e","3073":"-","3074":"y","3075":"-","3076":"2","3077":"\\","3078":"\"","3079":">","3080":"\\","3081":"n","3082":" ","3083":" ","3084":" ","3085":" ","3086":" ","3087":" ","3088":" ","3089":" ","3090":"<","3091":"p","3092":" ","3093":"c","3094":"l","3095":"a","3096":"s","3097":"s","3098":"=","3099":"\\","3100":"\"","3101":"t","3102":"e","3103":"x","3104":"t","3105":"-","3106":"l","3107":"g","3108":" ","3109":"f","3110":"o","3111":"n","3112":"t","3113":"-","3114":"m","3115":"e","3116":"d","3117":"i","3118":"u","3119":"m","3120":" ","3121":"t","3122":"e","3123":"x","3124":"t","3125":"-","3126":"g","3127":"r","3128":"a","3129":"y","3130":"-","3131":"7","3132":"0","3133":"0","3134":"\\","3135":"\"","3136":">","3137":"C","3138":"o","3139":"n","3140":"t","3141":"r","3142":"a","3143":"s","3144":"t","3145":"<","3146":"/","3147":"p","3148":">","3149":"\\","3150":"n","3151":" ","3152":" ","3153":" ","3154":" ","3155":" ","3156":" ","3157":" ","3158":" ","3159":"<","3160":"b","3161":"u","3162":"t","3163":"t","3164":"o","3165":"n","3166":"\\","3167":"n","3168":" ","3169":" ","3170":" ","3171":" ","3172":" ","3173":" ","3174":" ","3175":" ","3176":" ","3177":" ","3178":"@","3179":"c","3180":"l","3181":"i","3182":"c","3183":"k","3184":"=","3185":"\\","3186":"\"","3187":"t","3188":"o","3189":"g","3190":"g","3191":"l","3192":"e","3193":"H","3194":"i","3195":"g","3196":"h","3197":"C","3198":"o","3199":"n","3200":"t","3201":"r","3202":"a","3203":"s","3204":"t","3205":"\\","3206":"\"","3207":"\\","3208":"n","3209":" ","3210":" ","3211":" ","3212":" ","3213":" ","3214":" ","3215":" ","3216":" ","3217":" ","3218":" ","3219":"c","3220":"l","3221":"a","3222":"s","3223":"s","3224":"=","3225":"\\","3226":"\"","3227":"w","3228":"-","3229":"f","3230":"u","3231":"l","3232":"l","3233":" ","3234":"p","3235":"x","3236":"-","3237":"4","3238":" ","3239":"p","3240":"y","3241":"-","3242":"2","3243":" ","3244":"b","3245":"g","3246":"-","3247":"g","3248":"r","3249":"a","3250":"y","3251":"-","3252":"1","3253":"0","3254":"0","3255":" ","3256":"h","3257":"o","3258":"v","3259":"e","3260":"r","3261":":","3262":"b","3263":"g","3264":"-","3265":"g","3266":"r","3267":"a","3268":"y","3269":"-","3270":"2","3271":"0","3272":"0","3273":" ","3274":"r","3275":"o","3276":"u","3277":"n","3278":"d","3279":"e","3280":"d","3281":"-","3282":"l","3283":"g","3284":" ","3285":"t","3286":"e","3287":"x","3288":"t","3289":"-","3290":"l","3291":"g","3292":"\\","3293":"\"","3294":"\\","3295":"n","3296":" ","3297":" ","3298":" ","3299":" ","3300":" ","3301":" ","3302":" ","3303":" ","3304":" ","3305":" ","3306":":","3307":"c","3308":"l","3309":"a","3310":"s","3311":"s","3312":"=","3313":"\\","3314":"\"","3315":"{","3316":" ","3317":"'","3318":"b","3319":"g","3320":"-","3321":"b","3322":"l","3323":"u","3324":"e","3325":"-","3326":"6","3327":"0","3328":"0","3329":" ","3330":"t","3331":"e","3332":"x","3333":"t","3334":"-","3335":"w","3336":"h","3337":"i","3338":"t","3339":"e","3340":" ","3341":"h","3342":"o","3343":"v","3344":"e","3345":"r","3346":":","3347":"b","3348":"g","3349":"-","3350":"b","3351":"l","3352":"u","3353":"e","3354":"-","3355":"7","3356":"0","3357":"0","3358":"'","3359":":","3360":" ","3361":"i","3362":"s","3363":"H","3364":"i","3365":"g","3366":"h","3367":"C","3368":"o","3369":"n","3370":"t","3371":"r","3372":"a","3373":"s","3374":"t","3375":" ","3376":"}","3377":"\\","3378":"\"","3379":"\\","3380":"n","3381":" ","3382":" ","3383":" ","3384":" ","3385":" ","3386":" ","3387":" ","3388":" ","3389":">","3390":"\\","3391":"n","3392":" ","3393":" ","3394":" ","3395":" ","3396":" ","3397":" ","3398":" ","3399":" ","3400":" ","3401":" ","3402":"H","3403":"i","3404":"g","3405":"h","3406":" ","3407":"C","3408":"o","3409":"n","3410":"t","3411":"r","3412":"a","3413":"s","3414":"t","3415":"\\","3416":"n","3417":" ","3418":" ","3419":" ","3420":" ","3421":" ","3422":" ","3423":" ","3424":" ","3425":"<","3426":"/","3427":"b","3428":"u","3429":"t","3430":"t","3431":"o","3432":"n","3433":">","3434":"\\","3435":"n","3436":" ","3437":" ","3438":" ","3439":" ","3440":" ","3441":" ","3442":"<","3443":"/","3444":"d","3445":"i","3446":"v","3447":">","3448":"\\","3449":"n","3450":"\\","3451":"n","3452":" ","3453":" ","3454":" ","3455":" ","3456":" ","3457":" ","3458":"<","3459":"!","3460":"-","3461":"-","3462":" ","3463":"L","3464":"i","3465":"n","3466":"e","3467":" ","3468":"H","3469":"e","3470":"i","3471":"g","3472":"h","3473":"t","3474":" ","3475":"C","3476":"o","3477":"n","3478":"t","3479":"r","3480":"o","3481":"l","3482":"s","3483":" ","3484":"-","3485":"-","3486":">","3487":"\\","3488":"n","3489":" ","3490":" ","3491":" ","3492":" ","3493":" ","3494":" ","3495":"<","3496":"d","3497":"i","3498":"v","3499":" ","3500":"c","3501":"l","3502":"a","3503":"s","3504":"s","3505":"=","3506":"\\","3507":"\"","3508":"s","3509":"p","3510":"a","3511":"c","3512":"e","3513":"-","3514":"y","3515":"-","3516":"2","3517":"\\","3518":"\"","3519":">","3520":"\\","3521":"n","3522":" ","3523":" ","3524":" ","3525":" ","3526":" ","3527":" ","3528":" ","3529":" ","3530":"<","3531":"p","3532":" ","3533":"c","3534":"l","3535":"a","3536":"s","3537":"s","3538":"=","3539":"\\","3540":"\"","3541":"t","3542":"e","3543":"x","3544":"t","3545":"-","3546":"l","3547":"g","3548":" ","3549":"f","3550":"o","3551":"n","3552":"t","3553":"-","3554":"m","3555":"e","3556":"d","3557":"i","3558":"u","3559":"m","3560":" ","3561":"t","3562":"e","3563":"x","3564":"t","3565":"-","3566":"g","3567":"r","3568":"a","3569":"y","3570":"-","3571":"7","3572":"0","3573":"0","3574":"\\","3575":"\"","3576":">","3577":"L","3578":"i","3579":"n","3580":"e","3581":" ","3582":"S","3583":"p","3584":"a","3585":"c","3586":"i","3587":"n","3588":"g","3589":"<","3590":"/","3591":"p","3592":">","3593":"\\","3594":"n","3595":" ","3596":" ","3597":" ","3598":" ","3599":" ","3600":" ","3601":" ","3602":" ","3603":"<","3604":"b","3605":"u","3606":"t","3607":"t","3608":"o","3609":"n","3610":"\\","3611":"n","3612":" ","3613":" ","3614":" ","3615":" ","3616":" ","3617":" ","3618":" ","3619":" ","3620":" ","3621":" ","3622":"@","3623":"c","3624":"l","3625":"i","3626":"c","3627":"k","3628":"=","3629":"\\","3630":"\"","3631":"t","3632":"o","3633":"g","3634":"g","3635":"l","3636":"e","3637":"L","3638":"i","3639":"n","3640":"e","3641":"H","3642":"e","3643":"i","3644":"g","3645":"h","3646":"t","3647":"\\","3648":"\"","3649":"\\","3650":"n","3651":" ","3652":" ","3653":" ","3654":" ","3655":" ","3656":" ","3657":" ","3658":" ","3659":" ","3660":" ","3661":"c","3662":"l","3663":"a","3664":"s","3665":"s","3666":"=","3667":"\\","3668":"\"","3669":"w","3670":"-","3671":"f","3672":"u","3673":"l","3674":"l","3675":" ","3676":"p","3677":"x","3678":"-","3679":"4","3680":" ","3681":"p","3682":"y","3683":"-","3684":"2","3685":" ","3686":"b","3687":"g","3688":"-","3689":"g","3690":"r","3691":"a","3692":"y","3693":"-","3694":"1","3695":"0","3696":"0","3697":" ","3698":"h","3699":"o","3700":"v","3701":"e","3702":"r","3703":":","3704":"b","3705":"g","3706":"-","3707":"g","3708":"r","3709":"a","3710":"y","3711":"-","3712":"2","3713":"0","3714":"0","3715":" ","3716":"r","3717":"o","3718":"u","3719":"n","3720":"d","3721":"e","3722":"d","3723":"-","3724":"l","3725":"g","3726":" ","3727":"t","3728":"e","3729":"x","3730":"t","3731":"-","3732":"l","3733":"g","3734":"\\","3735":"\"","3736":"\\","3737":"n","3738":" ","3739":" ","3740":" ","3741":" ","3742":" ","3743":" ","3744":" ","3745":" ","3746":" ","3747":" ","3748":":","3749":"c","3750":"l","3751":"a","3752":"s","3753":"s","3754":"=","3755":"\\","3756":"\"","3757":"{","3758":" ","3759":"'","3760":"b","3761":"g","3762":"-","3763":"b","3764":"l","3765":"u","3766":"e","3767":"-","3768":"6","3769":"0","3770":"0","3771":" ","3772":"t","3773":"e","3774":"x","3775":"t","3776":"-","3777":"w","3778":"h","3779":"i","3780":"t","3781":"e","3782":" ","3783":"h","3784":"o","3785":"v","3786":"e","3787":"r","3788":":","3789":"b","3790":"g","3791":"-","3792":"b","3793":"l","3794":"u","3795":"e","3796":"-","3797":"7","3798":"0","3799":"0","3800":"'","3801":":","3802":" ","3803":"i","3804":"s","3805":"L","3806":"a","3807":"r","3808":"g","3809":"e","3810":"L","3811":"i","3812":"n","3813":"e","3814":"H","3815":"e","3816":"i","3817":"g","3818":"h","3819":"t","3820":" ","3821":"}","3822":"\\","3823":"\"","3824":"\\","3825":"n","3826":" ","3827":" ","3828":" ","3829":" ","3830":" ","3831":" ","3832":" ","3833":" ","3834":">","3835":"\\","3836":"n","3837":" ","3838":" ","3839":" ","3840":" ","3841":" ","3842":" ","3843":" ","3844":" ","3845":" ","3846":" ","3847":"L","3848":"a","3849":"r","3850":"g","3851":"e","3852":" ","3853":"S","3854":"p","3855":"a","3856":"c","3857":"i","3858":"n","3859":"g","3860":"\\","3861":"n","3862":" ","3863":" ","3864":" ","3865":" ","3866":" ","3867":" ","3868":" ","3869":" ","3870":"<","3871":"/","3872":"b","3873":"u","3874":"t","3875":"t","3876":"o","3877":"n","3878":">","3879":"\\","3880":"n","3881":" ","3882":" ","3883":" ","3884":" ","3885":" ","3886":" ","3887":"<","3888":"/","3889":"d","3890":"i","3891":"v","3892":">","3893":"\\","3894":"n","3895":" ","3896":" ","3897":" ","3898":" ","3899":"<","3900":"/","3901":"d","3902":"i","3903":"v","3904":">","3905":"\\","3906":"n","3907":" ","3908":" ","3909":"<","3910":"/","3911":"d","3912":"i","3913":"v","3914":">","3915":"\\","3916":"n","3917":"<","3918":"/","3919":"t","3920":"e","3921":"m","3922":"p","3923":"l","3924":"a","3925":"t","3926":"e","3927":">","3928":"\\","3929":"n","3930":"\\","3931":"n","3932":"<","3933":"s","3934":"c","3935":"r","3936":"i","3937":"p","3938":"t","3939":" ","3940":"s","3941":"e","3942":"t","3943":"u","3944":"p","3945":" ","3946":"l","3947":"a","3948":"n","3949":"g","3950":"=","3951":"\\","3952":"\"","3953":"t","3954":"s","3955":"\\","3956":"\"","3957":">","3958":"\\","3959":"n","3960":"i","3961":"m","3962":"p","3963":"o","3964":"r","3965":"t","3966":" ","3967":"{","3968":" ","3969":"r","3970":"e","3971":"f","3972":" ","3973":"}","3974":" ","3975":"f","3976":"r","3977":"o","3978":"m","3979":" ","3980":"\\","3981":"\"","3982":"v","3983":"u","3984":"e","3985":"\\","3986":"\"","3987":";","3988":"\\","3989":"n","3990":"\\","3991":"n","3992":"c","3993":"o","3994":"n","3995":"s","3996":"t","3997":" ","3998":"i","3999":"s","4000":"O","4001":"p","4002":"e","4003":"n","4004":" ","4005":"=","4006":" ","4007":"r","4008":"e","4009":"f","4010":"(","4011":"f","4012":"a","4013":"l","4014":"s","4015":"e","4016":")","4017":";","4018":"\\","4019":"n","4020":"c","4021":"o","4022":"n","4023":"s","4024":"t","4025":" ","4026":"i","4027":"s","4028":"H","4029":"i","4030":"g","4031":"h","4032":"C","4033":"o","4034":"n","4035":"t","4036":"r","4037":"a","4038":"s","4039":"t","4040":" ","4041":"=","4042":" ","4043":"r","4044":"e","4045":"f","4046":"(","4047":"f","4048":"a","4049":"l","4050":"s","4051":"e","4052":")","4053":";","4054":"\\","4055":"n","4056":"c","4057":"o","4058":"n","4059":"s","4060":"t","4061":" ","4062":"i","4063":"s","4064":"L","4065":"a","4066":"r","4067":"g","4068":"e","4069":"L","4070":"i","4071":"n","4072":"e","4073":"H","4074":"e","4075":"i","4076":"g","4077":"h","4078":"t","4079":" ","4080":"=","4081":" ","4082":"r","4083":"e","4084":"f","4085":"(","4086":"f","4087":"a","4088":"l","4089":"s","4090":"e","4091":")","4092":";","4093":"\\","4094":"n","4095":"c","4096":"o","4097":"n","4098":"s","4099":"t","4100":" ","4101":"i","4102":"s","4103":"S","4104":"a","4105":"n","4106":"s","4107":"S","4108":"e","4109":"r","4110":"i","4111":"f","4112":" ","4113":"=","4114":" ","4115":"r","4116":"e","4117":"f","4118":"(","4119":"f","4120":"a","4121":"l","4122":"s","4123":"e","4124":")","4125":";","4126":"\\","4127":"n","4128":"\\","4129":"n","4130":"c","4131":"o","4132":"n","4133":"s","4134":"t","4135":" ","4136":"i","4137":"n","4138":"c","4139":"r","4140":"e","4141":"a","4142":"s","4143":"e","4144":"F","4145":"o","4146":"n","4147":"t","4148":"S","4149":"i","4150":"z","4151":"e","4152":" ","4153":"=","4154":" ","4155":"(","4156":")","4157":" ","4158":"=","4159":">","4160":" ","4161":"{","4162":"\\","4163":"n","4164":" ","4165":" ","4166":"c","4167":"o","4168":"n","4169":"s","4170":"t","4171":" ","4172":"r","4173":"o","4174":"o","4175":"t","4176":" ","4177":"=","4178":" ","4179":"d","4180":"o","4181":"c","4182":"u","4183":"m","4184":"e","4185":"n","4186":"t","4187":".","4188":"d","4189":"o","4190":"c","4191":"u","4192":"m","4193":"e","4194":"n","4195":"t","4196":"E","4197":"l","4198":"e","4199":"m","4200":"e","4201":"n","4202":"t","4203":";","4204":"\\","4205":"n","4206":" ","4207":" ","4208":"c","4209":"o","4210":"n","4211":"s","4212":"t","4213":" ","4214":"c","4215":"u","4216":"r","4217":"r","4218":"e","4219":"n","4220":"t","4221":"S","4222":"i","4223":"z","4224":"e","4225":" ","4226":"=","4227":" ","4228":"p","4229":"a","4230":"r","4231":"s","4232":"e","4233":"I","4234":"n","4235":"t","4236":"(","4237":"g","4238":"e","4239":"t","4240":"C","4241":"o","4242":"m","4243":"p","4244":"u","4245":"t","4246":"e","4247":"d","4248":"S","4249":"t","4250":"y","4251":"l","4252":"e","4253":"(","4254":"r","4255":"o","4256":"o","4257":"t","4258":")","4259":".","4260":"f","4261":"o","4262":"n","4263":"t","4264":"S","4265":"i","4266":"z","4267":"e","4268":")","4269":";","4270":"\\","4271":"n","4272":" ","4273":" ","4274":"r","4275":"o","4276":"o","4277":"t","4278":".","4279":"s","4280":"t","4281":"y","4282":"l","4283":"e","4284":".","4285":"f","4286":"o","4287":"n","4288":"t","4289":"S","4290":"i","4291":"z","4292":"e","4293":" ","4294":"=","4295":" ","4296":"`","4297":"$","4298":"{","4299":"c","4300":"u","4301":"r","4302":"r","4303":"e","4304":"n","4305":"t","4306":"S","4307":"i","4308":"z","4309":"e","4310":" ","4311":"+","4312":" ","4313":"2","4314":"}","4315":"p","4316":"x","4317":"`","4318":";","4319":"\\","4320":"n","4321":"}","4322":";","4323":"\\","4324":"n","4325":"\\","4326":"n","4327":"c","4328":"o","4329":"n","4330":"s","4331":"t","4332":" ","4333":"d","4334":"e","4335":"c","4336":"r","4337":"e","4338":"a","4339":"s","4340":"e","4341":"F","4342":"o","4343":"n","4344":"t","4345":"S","4346":"i","4347":"z","4348":"e","4349":" ","4350":"=","4351":" ","4352":"(","4353":")","4354":" ","4355":"=","4356":">","4357":" ","4358":"{","4359":"\\","4360":"n","4361":" ","4362":" ","4363":"c","4364":"o","4365":"n","4366":"s","4367":"t","4368":" ","4369":"r","4370":"o","4371":"o","4372":"t","4373":" ","4374":"=","4375":" ","4376":"d","4377":"o","4378":"c","4379":"u","4380":"m","4381":"e","4382":"n","4383":"t","4384":".","4385":"d","4386":"o","4387":"c","4388":"u","4389":"m","4390":"e","4391":"n","4392":"t","4393":"E","4394":"l","4395":"e","4396":"m","4397":"e","4398":"n","4399":"t","4400":";","4401":"\\","4402":"n","4403":" ","4404":" ","4405":"c","4406":"o","4407":"n","4408":"s","4409":"t","4410":" ","4411":"c","4412":"u","4413":"r","4414":"r","4415":"e","4416":"n","4417":"t","4418":"S","4419":"i","4420":"z","4421":"e","4422":" ","4423":"=","4424":" ","4425":"p","4426":"a","4427":"r","4428":"s","4429":"e","4430":"I","4431":"n","4432":"t","4433":"(","4434":"g","4435":"e","4436":"t","4437":"C","4438":"o","4439":"m","4440":"p","4441":"u","4442":"t","4443":"e","4444":"d","4445":"S","4446":"t","4447":"y","4448":"l","4449":"e","4450":"(","4451":"r","4452":"o","4453":"o","4454":"t","4455":")","4456":".","4457":"f","4458":"o","4459":"n","4460":"t","4461":"S","4462":"i","4463":"z","4464":"e","4465":")","4466":";","4467":"\\","4468":"n","4469":" ","4470":" ","4471":"i","4472":"f","4473":" ","4474":"(","4475":"c","4476":"u","4477":"r","4478":"r","4479":"e","4480":"n","4481":"t","4482":"S","4483":"i","4484":"z","4485":"e","4486":" ","4487":">","4488":" ","4489":"1","4490":"4","4491":")","4492":" ","4493":"{","4494":"\\","4495":"n","4496":" ","4497":" ","4498":" ","4499":" ","4500":"/","4501":"/","4502":" ","4503":"p","4504":"r","4505":"e","4506":"v","4507":"e","4508":"n","4509":"t","4510":" ","4511":"t","4512":"o","4513":"o","4514":" ","4515":"s","4516":"m","4517":"a","4518":"l","4519":"l","4520":" ","4521":"f","4522":"o","4523":"n","4524":"t","4525":" ","4526":"s","4527":"i","4528":"z","4529":"e","4530":"\\","4531":"n","4532":" ","4533":" ","4534":" ","4535":" ","4536":"r","4537":"o","4538":"o","4539":"t","4540":".","4541":"s","4542":"t","4543":"y","4544":"l","4545":"e","4546":".","4547":"f","4548":"o","4549":"n","4550":"t","4551":"S","4552":"i","4553":"z","4554":"e","4555":" ","4556":"=","4557":" ","4558":"`","4559":"$","4560":"{","4561":"c","4562":"u","4563":"r","4564":"r","4565":"e","4566":"n","4567":"t","4568":"S","4569":"i","4570":"z","4571":"e","4572":" ","4573":"-","4574":" ","4575":"2","4576":"}","4577":"p","4578":"x","4579":"`","4580":";","4581":"\\","4582":"n","4583":" ","4584":" ","4585":"}","4586":"\\","4587":"n","4588":"}","4589":";","4590":"\\","4591":"n","4592":"\\","4593":"n","4594":"c","4595":"o","4596":"n","4597":"s","4598":"t","4599":" ","4600":"t","4601":"o","4602":"g","4603":"g","4604":"l","4605":"e","4606":"F","4607":"o","4608":"n","4609":"t","4610":"F","4611":"a","4612":"m","4613":"i","4614":"l","4615":"y","4616":" ","4617":"=","4618":" ","4619":"(","4620":")","4621":" ","4622":"=","4623":">","4624":" ","4625":"{","4626":"\\","4627":"n","4628":" ","4629":" ","4630":"i","4631":"s","4632":"S","4633":"a","4634":"n","4635":"s","4636":"S","4637":"e","4638":"r","4639":"i","4640":"f","4641":".","4642":"v","4643":"a","4644":"l","4645":"u","4646":"e","4647":" ","4648":"=","4649":" ","4650":"!","4651":"i","4652":"s","4653":"S","4654":"a","4655":"n","4656":"s","4657":"S","4658":"e","4659":"r","4660":"i","4661":"f","4662":".","4663":"v","4664":"a","4665":"l","4666":"u","4667":"e","4668":";","4669":"\\","4670":"n","4671":" ","4672":" ","4673":"d","4674":"o","4675":"c","4676":"u","4677":"m","4678":"e","4679":"n","4680":"t","4681":".","4682":"b","4683":"o","4684":"d","4685":"y","4686":".","4687":"c","4688":"l","4689":"a","4690":"s","4691":"s","4692":"L","4693":"i","4694":"s","4695":"t","4696":".","4697":"t","4698":"o","4699":"g","4700":"g","4701":"l","4702":"e","4703":"(","4704":"\\","4705":"\"","4706":"s","4707":"a","4708":"n","4709":"s","4710":"-","4711":"s","4712":"e","4713":"r","4714":"i","4715":"f","4716":"-","4717":"f","4718":"o","4719":"n","4720":"t","4721":"\\","4722":"\"","4723":")","4724":";","4725":"\\","4726":"n","4727":"}","4728":";","4729":"\\","4730":"n","4731":"\\","4732":"n","4733":"c","4734":"o","4735":"n","4736":"s","4737":"t","4738":" ","4739":"t","4740":"o","4741":"g","4742":"g","4743":"l","4744":"e","4745":"H","4746":"i","4747":"g","4748":"h","4749":"C","4750":"o","4751":"n","4752":"t","4753":"r","4754":"a","4755":"s","4756":"t","4757":" ","4758":"=","4759":" ","4760":"(","4761":")","4762":" ","4763":"=","4764":">","4765":" ","4766":"{","4767":"\\","4768":"n","4769":" ","4770":" ","4771":"i","4772":"s","4773":"H","4774":"i","4775":"g","4776":"h","4777":"C","4778":"o","4779":"n","4780":"t","4781":"r","4782":"a","4783":"s","4784":"t","4785":".","4786":"v","4787":"a","4788":"l","4789":"u","4790":"e","4791":" ","4792":"=","4793":" ","4794":"!","4795":"i","4796":"s","4797":"H","4798":"i","4799":"g","4800":"h","4801":"C","4802":"o","4803":"n","4804":"t","4805":"r","4806":"a","4807":"s","4808":"t","4809":".","4810":"v","4811":"a","4812":"l","4813":"u","4814":"e","4815":";","4816":"\\","4817":"n","4818":" ","4819":" ","4820":"d","4821":"o","4822":"c","4823":"u","4824":"m","4825":"e","4826":"n","4827":"t","4828":".","4829":"b","4830":"o","4831":"d","4832":"y","4833":".","4834":"c","4835":"l","4836":"a","4837":"s","4838":"s","4839":"L","4840":"i","4841":"s","4842":"t","4843":".","4844":"t","4845":"o","4846":"g","4847":"g","4848":"l","4849":"e","4850":"(","4851":"\\","4852":"\"","4853":"h","4854":"i","4855":"g","4856":"h","4857":"-","4858":"c","4859":"o","4860":"n","4861":"t","4862":"r","4863":"a","4864":"s","4865":"t","4866":"\\","4867":"\"","4868":")","4869":";","4870":"\\","4871":"n","4872":"}","4873":";","4874":"\\","4875":"n","4876":"\\","4877":"n","4878":"c","4879":"o","4880":"n","4881":"s","4882":"t","4883":" ","4884":"t","4885":"o","4886":"g","4887":"g","4888":"l","4889":"e","4890":"L","4891":"i","4892":"n","4893":"e","4894":"H","4895":"e","4896":"i","4897":"g","4898":"h","4899":"t","4900":" ","4901":"=","4902":" ","4903":"(","4904":")","4905":" ","4906":"=","4907":">","4908":" ","4909":"{","4910":"\\","4911":"n","4912":" ","4913":" ","4914":"i","4915":"s","4916":"L","4917":"a","4918":"r","4919":"g","4920":"e","4921":"L","4922":"i","4923":"n","4924":"e","4925":"H","4926":"e","4927":"i","4928":"g","4929":"h","4930":"t","4931":".","4932":"v","4933":"a","4934":"l","4935":"u","4936":"e","4937":" ","4938":"=","4939":" ","4940":"!","4941":"i","4942":"s","4943":"L","4944":"a","4945":"r","4946":"g","4947":"e","4948":"L","4949":"i","4950":"n","4951":"e","4952":"H","4953":"e","4954":"i","4955":"g","4956":"h","4957":"t","4958":".","4959":"v","4960":"a","4961":"l","4962":"u","4963":"e","4964":";","4965":"\\","4966":"n","4967":" ","4968":" ","4969":"d","4970":"o","4971":"c","4972":"u","4973":"m","4974":"e","4975":"n","4976":"t","4977":".","4978":"b","4979":"o","4980":"d","4981":"y","4982":".","4983":"c","4984":"l","4985":"a","4986":"s","4987":"s","4988":"L","4989":"i","4990":"s","4991":"t","4992":".","4993":"t","4994":"o","4995":"g","4996":"g","4997":"l","4998":"e","4999":"(","5000":"\\","5001":"\"","5002":"l","5003":"a","5004":"r","5005":"g","5006":"e","5007":"-","5008":"l","5009":"i","5010":"n","5011":"e","5012":"-","5013":"h","5014":"e","5015":"i","5016":"g","5017":"h","5018":"t","5019":"\\","5020":"\"","5021":")","5022":";","5023":"\\","5024":"n","5025":"}","5026":";","5027":"\\","5028":"n","5029":"<","5030":"/","5031":"s","5032":"c","5033":"r","5034":"i","5035":"p","5036":"t","5037":">","5038":"\\","5039":"n","5040":"\\","5041":"n","5042":"<","5043":"s","5044":"t","5045":"y","5046":"l","5047":"e","5048":">","5049":"\\","5050":"n","5051":".","5052":"h","5053":"i","5054":"g","5055":"h","5056":"-","5057":"c","5058":"o","5059":"n","5060":"t","5061":"r","5062":"a","5063":"s","5064":"t","5065":" ","5066":"{","5067":"\\","5068":"n","5069":" ","5070":" ","5071":"b","5072":"a","5073":"c","5074":"k","5075":"g","5076":"r","5077":"o","5078":"u","5079":"n","5080":"d","5081":"-","5082":"c","5083":"o","5084":"l","5085":"o","5086":"r","5087":":","5088":" ","5089":"w","5090":"h","5091":"i","5092":"t","5093":"e","5094":" ","5095":"!","5096":"i","5097":"m","5098":"p","5099":"o","5100":"r","5101":"t","5102":"a","5103":"n","5104":"t","5105":";","5106":"\\","5107":"n","5108":" ","5109":" ","5110":"c","5111":"o","5112":"l","5113":"o","5114":"r","5115":":","5116":" ","5117":"b","5118":"l","5119":"a","5120":"c","5121":"k","5122":" ","5123":"!","5124":"i","5125":"m","5126":"p","5127":"o","5128":"r","5129":"t","5130":"a","5131":"n","5132":"t","5133":";","5134":"\\","5135":"n","5136":"}","5137":"\\","5138":"n","5139":"\\","5140":"n","5141":".","5142":"h","5143":"i","5144":"g","5145":"h","5146":"-","5147":"c","5148":"o","5149":"n","5150":"t","5151":"r","5152":"a","5153":"s","5154":"t","5155":" ","5156":"*","5157":" ","5158":"{","5159":"\\","5160":"n","5161":" ","5162":" ","5163":"b","5164":"a","5165":"c","5166":"k","5167":"g","5168":"r","5169":"o","5170":"u","5171":"n","5172":"d","5173":"-","5174":"c","5175":"o","5176":"l","5177":"o","5178":"r","5179":":","5180":" ","5181":"w","5182":"h","5183":"i","5184":"t","5185":"e","5186":" ","5187":"!","5188":"i","5189":"m","5190":"p","5191":"o","5192":"r","5193":"t","5194":"a","5195":"n","5196":"t","5197":";","5198":"\\","5199":"n","5200":" ","5201":" ","5202":"c","5203":"o","5204":"l","5205":"o","5206":"r","5207":":","5208":" ","5209":"b","5210":"l","5211":"a","5212":"c","5213":"k","5214":" ","5215":"!","5216":"i","5217":"m","5218":"p","5219":"o","5220":"r","5221":"t","5222":"a","5223":"n","5224":"t","5225":";","5226":"\\","5227":"n","5228":" ","5229":" ","5230":"b","5231":"o","5232":"r","5233":"d","5234":"e","5235":"r","5236":"-","5237":"c","5238":"o","5239":"l","5240":"o","5241":"r","5242":":","5243":" ","5244":"b","5245":"l","5246":"a","5247":"c","5248":"k","5249":" ","5250":"!","5251":"i","5252":"m","5253":"p","5254":"o","5255":"r","5256":"t","5257":"a","5258":"n","5259":"t","5260":";","5261":"\\","5262":"n","5263":"}","5264":"\\","5265":"n","5266":"\\","5267":"n","5268":".","5269":"l","5270":"a","5271":"r","5272":"g","5273":"e","5274":"-","5275":"l","5276":"i","5277":"n","5278":"e","5279":"-","5280":"h","5281":"e","5282":"i","5283":"g","5284":"h","5285":"t","5286":" ","5287":"{","5288":"\\","5289":"n","5290":" ","5291":" ","5292":"l","5293":"i","5294":"n","5295":"e","5296":"-","5297":"h","5298":"e","5299":"i","5300":"g","5301":"h","5302":"t","5303":":","5304":" ","5305":"2","5306":" ","5307":"!","5308":"i","5309":"m","5310":"p","5311":"o","5312":"r","5313":"t","5314":"a","5315":"n","5316":"t","5317":";","5318":"\\","5319":"n","5320":"}","5321":"\\","5322":"n","5323":"\\","5324":"n","5325":".","5326":"l","5327":"a","5328":"r","5329":"g","5330":"e","5331":"-","5332":"l","5333":"i","5334":"n","5335":"e","5336":"-","5337":"h","5338":"e","5339":"i","5340":"g","5341":"h","5342":"t","5343":" ","5344":"p","5345":" ","5346":"{","5347":"\\","5348":"n","5349":" ","5350":" ","5351":"m","5352":"a","5353":"r","5354":"g","5355":"i","5356":"n","5357":"-","5358":"b","5359":"o","5360":"t","5361":"t","5362":"o","5363":"m","5364":":","5365":" ","5366":"1","5367":".","5368":"5","5369":"e","5370":"m","5371":" ","5372":"!","5373":"i","5374":"m","5375":"p","5376":"o","5377":"r","5378":"t","5379":"a","5380":"n","5381":"t","5382":";","5383":"\\","5384":"n","5385":"}","5386":"\\","5387":"n","5388":"\\","5389":"n","5390":".","5391":"s","5392":"a","5393":"n","5394":"s","5395":"-","5396":"s","5397":"e","5398":"r","5399":"i","5400":"f","5401":"-","5402":"f","5403":"o","5404":"n","5405":"t","5406":" ","5407":"{","5408":"\\","5409":"n","5410":" ","5411":" ","5412":"f","5413":"o","5414":"n","5415":"t","5416":"-","5417":"f","5418":"a","5419":"m","5420":"i","5421":"l","5422":"y","5423":":","5424":" ","5425":"A","5426":"r","5427":"i","5428":"a","5429":"l","5430":",","5431":" ","5432":"s","5433":"a","5434":"n","5435":"s","5436":"-","5437":"s","5438":"e","5439":"r","5440":"i","5441":"f","5442":" ","5443":"!","5444":"i","5445":"m","5446":"p","5447":"o","5448":"r","5449":"t","5450":"a","5451":"n","5452":"t","5453":";","5454":"\\","5455":"n","5456":"}","5457":"\\","5458":"n","5459":"<","5460":"/","5461":"s","5462":"t","5463":"y","5464":"l","5465":"e","5466":">","5467":"\\","5468":"n","5469":"\"","5470":"]","5471":"}"}}
,"/Users/jdhiman/Documents/badeblog/badeblog-frontend/src/components/CategoryList.vue": {"path":"/Users/jdhiman/Documents/badeblog/badeblog-frontend/src/components/CategoryList.vue","statementMap":{"0":{"start":{"line":5,"column":16},"end":{"line":31,"column":1}},"1":{"start":{"line":7,"column":4},"end":{"line":9,"column":7}},"2":{"start":{"line":8,"column":6},"end":{"line":8,"column":21}},"3":{"start":{"line":11,"column":2},"end":{"line":30,"column":5}},"4":{"start":{"line":13,"column":6},"end":{"line":17,"column":7}},"5":{"start":{"line":14,"column":8},"end":{"line":14,"column":36}},"6":{"start":{"line":16,"column":8},"end":{"line":16,"column":18}},"7":{"start":{"line":20,"column":6},"end":{"line":24,"column":7}},"8":{"start":{"line":21,"column":8},"end":{"line":21,"column":40}},"9":{"start":{"line":23,"column":8},"end":{"line":23,"column":18}},"10":{"start":{"line":27,"column":6},"end":{"line":27,"column":90}},"11":{"start":{"line":29,"column":4},"end":{"line":29,"column":74}},"12":{"start":{"line":32,"column":18},"end":{"line":119,"column":1}},"13":{"start":{"line":33,"column":10},"end":{"line":41,"column":5}},"14":{"start":{"line":36,"column":8},"end":{"line":36,"column":33}},"15":{"start":{"line":36,"column":22},"end":{"line":36,"column":33}},"16":{"start":{"line":37,"column":8},"end":{"line":37,"column":20}},"17":{"start":{"line":46,"column":2},"end":{"line":52,"column":8}},"18":{"start":{"line":51,"column":4},"end":{"line":51,"column":16}},"19":{"start":{"line":54,"column":4},"end":{"line":56,"column":6}},"20":{"start":{"line":55,"column":6},"end":{"line":55,"column":26}},"21":{"start":{"line":59,"column":4},"end":{"line":59,"column":66}},"22":{"start":{"line":59,"column":11},"end":{"line":59,"column":66}},"23":{"start":{"line":60,"column":4},"end":{"line":112,"column":5}},"24":{"start":{"line":60,"column":14},"end":{"line":112,"column":5}},"25":{"start":{"line":61,"column":6},"end":{"line":61,"column":163}},"26":{"start":{"line":61,"column":154},"end":{"line":61,"column":163}},"27":{"start":{"line":62,"column":6},"end":{"line":62,"column":46}},"28":{"start":{"line":62,"column":20},"end":{"line":62,"column":46}},"29":{"start":{"line":63,"column":6},"end":{"line":105,"column":7}},"30":{"start":{"line":66,"column":10},"end":{"line":66,"column":17}},"31":{"start":{"line":67,"column":10},"end":{"line":67,"column":16}},"32":{"start":{"line":69,"column":10},"end":{"line":69,"column":20}},"33":{"start":{"line":70,"column":10},"end":{"line":73,"column":12}},"34":{"start":{"line":75,"column":10},"end":{"line":75,"column":20}},"35":{"start":{"line":76,"column":10},"end":{"line":76,"column":20}},"36":{"start":{"line":77,"column":10},"end":{"line":77,"column":19}},"37":{"start":{"line":78,"column":10},"end":{"line":78,"column":19}},"38":{"start":{"line":80,"column":10},"end":{"line":80,"column":27}},"39":{"start":{"line":81,"column":10},"end":{"line":81,"column":23}},"40":{"start":{"line":82,"column":10},"end":{"line":82,"column":19}},"41":{"start":{"line":84,"column":10},"end":{"line":87,"column":11}},"42":{"start":{"line":85,"column":12},"end":{"line":85,"column":18}},"43":{"start":{"line":86,"column":12},"end":{"line":86,"column":21}},"44":{"start":{"line":88,"column":10},"end":{"line":91,"column":11}},"45":{"start":{"line":89,"column":12},"end":{"line":89,"column":28}},"46":{"start":{"line":90,"column":12},"end":{"line":90,"column":18}},"47":{"start":{"line":92,"column":10},"end":{"line":96,"column":11}},"48":{"start":{"line":93,"column":12},"end":{"line":93,"column":27}},"49":{"start":{"line":94,"column":12},"end":{"line":94,"column":19}},"50":{"start":{"line":95,"column":12},"end":{"line":95,"column":18}},"51":{"start":{"line":97,"column":10},"end":{"line":101,"column":11}},"52":{"start":{"line":98,"column":12},"end":{"line":98,"column":27}},"53":{"start":{"line":99,"column":12},"end":{"line":99,"column":27}},"54":{"start":{"line":100,"column":12},"end":{"line":100,"column":18}},"55":{"start":{"line":102,"column":10},"end":{"line":102,"column":32}},"56":{"start":{"line":102,"column":20},"end":{"line":102,"column":32}},"57":{"start":{"line":103,"column":10},"end":{"line":103,"column":23}},"58":{"start":{"line":104,"column":10},"end":{"line":104,"column":19}},"59":{"start":{"line":106,"column":6},"end":{"line":106,"column":33}},"60":{"start":{"line":108,"column":6},"end":{"line":108,"column":18}},"61":{"start":{"line":109,"column":6},"end":{"line":109,"column":12}},"62":{"start":{"line":111,"column":6},"end":{"line":111,"column":16}},"63":{"start":{"line":113,"column":4},"end":{"line":113,"column":31}},"64":{"start":{"line":113,"column":19},"end":{"line":113,"column":31}},"65":{"start":{"line":114,"column":4},"end":{"line":117,"column":6}},"66":{"start":{"line":120,"column":0},"end":{"line":122,"column":3}},"67":{"start":{"line":123,"column":12},"end":{"line":123,"column":26}},"68":{"start":{"line":124,"column":12},"end":{"line":124,"column":26}},"69":{"start":{"line":125,"column":12},"end":{"line":125,"column":37}},"70":{"start":{"line":126,"column":16},"end":{"line":126,"column":42}},"71":{"start":{"line":127,"column":0},"end":{"line":180,"column":3}},"72":{"start":{"line":137,"column":16},"end":{"line":137,"column":20}},"73":{"start":{"line":138,"column":19},"end":{"line":138,"column":28}},"74":{"start":{"line":139,"column":4},"end":{"line":139,"column":15}},"75":{"start":{"line":140,"column":21},"end":{"line":140,"column":39}},"76":{"start":{"line":141,"column":18},"end":{"line":141,"column":38}},"77":{"start":{"line":142,"column":16},"end":{"line":142,"column":34}},"78":{"start":{"line":143,"column":4},"end":{"line":168,"column":7}},"79":{"start":{"line":144,"column":6},"end":{"line":167,"column":9}},"80":{"start":{"line":146,"column":8},"end":{"line":166,"column":11}},"81":{"start":{"line":147,"column":10},"end":{"line":165,"column":11}},"82":{"start":{"line":149,"column":14},"end":{"line":149,"column":41}},"83":{"start":{"line":150,"column":14},"end":{"line":150,"column":35}},"84":{"start":{"line":151,"column":14},"end":{"line":151,"column":63}},"85":{"start":{"line":153,"column":14},"end":{"line":153,"column":35}},"86":{"start":{"line":154,"column":14},"end":{"line":154,"column":47}},"87":{"start":{"line":155,"column":14},"end":{"line":155,"column":38}},"88":{"start":{"line":157,"column":14},"end":{"line":157,"column":32}},"89":{"start":{"line":158,"column":14},"end":{"line":158,"column":65}},"90":{"start":{"line":159,"column":14},"end":{"line":159,"column":38}},"91":{"start":{"line":161,"column":14},"end":{"line":161,"column":36}},"92":{"start":{"line":162,"column":14},"end":{"line":162,"column":40}},"93":{"start":{"line":164,"column":14},"end":{"line":164,"column":36}},"94":{"start":{"line":169,"column":23},"end":{"line":173,"column":5}},"95":{"start":{"line":174,"column":4},"end":{"line":177,"column":7}},"96":{"start":{"line":178,"column":4},"end":{"line":178,"column":24}},"97":{"start":{"line":182,"column":0},"end":{"line":182,"column":62}},"98":{"start":{"line":183,"column":0},"end":{"line":183,"column":24}},"99":{"start":{"line":184,"column":12},"end":{"line":184,"column":26}},"100":{"start":{"line":185,"column":17},"end":{"line":185
[...]
72":"m","3673":"m","3674":"e","3675":"n","3676":"t","3677":".","3678":"c","3679":"r","3680":"e","3681":"a","3682":"t","3683":"e","3684":"d","3685":"A","3686":"t","3687":")","3688":" ","3689":"}","3690":"}","3691":"<","3692":"/","3693":"s","3694":"p","3695":"a","3696":"n","3697":">","3698":"\\","3699":"n","3700":" ","3701":" ","3702":" ","3703":" ","3704":" ","3705":" ","3706":" ","3707":" ","3708":" ","3709":" ","3710":" ","3711":" ","3712":"<","3713":"/","3714":"d","3715":"i","3716":"v","3717":">","3718":"\\","3719":"n","3720":" ","3721":" ","3722":" ","3723":" ","3724":" ","3725":" ","3726":" ","3727":" ","3728":" ","3729":" ","3730":" ","3731":" ","3732":"<","3733":"p","3734":" ","3735":"c","3736":"l","3737":"a","3738":"s","3739":"s","3740":"=","3741":"\\","3742":"\"","3743":"m","3744":"t","3745":"-","3746":"2","3747":" ","3748":"t","3749":"e","3750":"x","3751":"t","3752":"-","3753":"l","3754":"g","3755":"\\","3756":"\"","3757":">","3758":"{","3759":"{","3760":" ","3761":"c","3762":"o","3763":"m","3764":"m","3765":"e","3766":"n","3767":"t","3768":".","3769":"c","3770":"o","3771":"n","3772":"t","3773":"e","3774":"n","3775":"t","3776":" ","3777":"}","3778":"}","3779":"<","3780":"/","3781":"p","3782":">","3783":"\\","3784":"n","3785":" ","3786":" ","3787":" ","3788":" ","3789":" ","3790":" ","3791":" ","3792":" ","3793":" ","3794":" ","3795":"<","3796":"/","3797":"d","3798":"i","3799":"v","3800":">","3801":"\\","3802":"n","3803":" ","3804":" ","3805":" ","3806":" ","3807":" ","3808":" ","3809":" ","3810":" ","3811":"<","3812":"/","3813":"d","3814":"i","3815":"v","3816":">","3817":"\\","3818":"n","3819":" ","3820":" ","3821":" ","3822":" ","3823":" ","3824":" ","3825":"<","3826":"/","3827":"d","3828":"i","3829":"v","3830":">","3831":"\\","3832":"n","3833":" ","3834":" ","3835":" ","3836":" ","3837":"<","3838":"/","3839":"t","3840":"e","3841":"m","3842":"p","3843":"l","3844":"a","3845":"t","3846":"e","3847":">","3848":"\\","3849":"n","3850":" ","3851":" ","3852":"<","3853":"/","3854":"d","3855":"i","3856":"v","3857":">","3858":"\\","3859":"n","3860":"<","3861":"/","3862":"t","3863":"e","3864":"m","3865":"p","3866":"l","3867":"a","3868":"t","3869":"e","3870":">","3871":"\\","3872":"n","3873":"\\","3874":"n","3875":"<","3876":"s","3877":"c","3878":"r","3879":"i","3880":"p","3881":"t","3882":" ","3883":"s","3884":"e","3885":"t","3886":"u","3887":"p","3888":" ","3889":"l","3890":"a","3891":"n","3892":"g","3893":"=","3894":"\\","3895":"\"","3896":"t","3897":"s","3898":"\\","3899":"\"","3900":">","3901":"\\","3902":"n","3903":"i","3904":"m","3905":"p","3906":"o","3907":"r","3908":"t","3909":" ","3910":"{","3911":" ","3912":"r","3913":"e","3914":"f","3915":",","3916":" ","3917":"o","3918":"n","3919":"M","3920":"o","3921":"u","3922":"n","3923":"t","3924":"e","3925":"d","3926":" ","3927":"}","3928":" ","3929":"f","3930":"r","3931":"o","3932":"m","3933":" ","3934":"\\","3935":"\"","3936":"v","3937":"u","3938":"e","3939":"\\","3940":"\"","3941":";","3942":"\\","3943":"n","3944":"i","3945":"m","3946":"p","3947":"o","3948":"r","3949":"t","3950":" ","3951":"{","3952":" ","3953":"u","3954":"s","3955":"e","3956":"R","3957":"o","3958":"u","3959":"t","3960":"e","3961":",","3962":" ","3963":"u","3964":"s","3965":"e","3966":"R","3967":"o","3968":"u","3969":"t","3970":"e","3971":"r","3972":" ","3973":"}","3974":" ","3975":"f","3976":"r","3977":"o","3978":"m","3979":" ","3980":"\\","3981":"\"","3982":"v","3983":"u","3984":"e","3985":"-","3986":"r","3987":"o","3988":"u","3989":"t","3990":"e","3991":"r","3992":"\\","3993":"\"","3994":";","3995":"\\","3996":"n","3997":"i","3998":"m","3999":"p","4000":"o","4001":"r","4002":"t","4003":" ","4004":"{","4005":" ","4006":"s","4007":"t","4008":"o","4009":"r","4010":"y","4011":"A","4012":"p","4013":"i","4014":" ","4015":"}","4016":" ","4017":"f","4018":"r","4019":"o","4020":"m","4021":" ","4022":"\\","4023":"\"","4024":"@","4025":"/","4026":"s","4027":"e","4028":"r","4029":"v","4030":"i","4031":"c","4032":"e","4033":"s","4034":"/","4035":"a","4036":"p","4037":"i","4038":"\\","4039":"\"","4040":";","4041":"\\","4042":"n","4043":"i","4044":"m","4045":"p","4046":"o","4047":"r","4048":"t","4049":" ","4050":"{","4051":" ","4052":"a","4053":"u","4054":"t","4055":"h","4056":" ","4057":"}","4058":" ","4059":"f","4060":"r","4061":"o","4062":"m","4063":" ","4064":"\\","4065":"\"","4066":"@","4067":"/","4068":"s","4069":"e","4070":"r","4071":"v","4072":"i","4073":"c","4074":"e","4075":"s","4076":"/","4077":"a","4078":"u","4079":"t","4080":"h","4081":"\\","4082":"\"","4083":";","4084":"\\","4085":"n","4086":"i","4087":"m","4088":"p","4089":"o","4090":"r","4091":"t","4092":" ","4093":"{","4094":" ","4095":"f","4096":"o","4097":"r","4098":"m","4099":"a","4100":"t","4101":"D","4102":"a","4103":"t","4104":"e","4105":",","4106":" ","4107":"h","4108":"a","4109":"n","4110":"d","4111":"l","4112":"e","4113":"A","4114":"p","4115":"i","4116":"E","4117":"r","4118":"r","4119":"o","4120":"r","4121":" ","4122":"}","4123":" ","4124":"f","4125":"r","4126":"o","4127":"m","4128":" ","4129":"\\","4130":"\"","4131":"@","4132":"/","4133":"u","4134":"t","4135":"i","4136":"l","4137":"s","4138":"/","4139":"h","4140":"e","4141":"l","4142":"p","4143":"e","4144":"r","4145":"s","4146":"\\","4147":"\"","4148":";","4149":"\\","4150":"n","4151":"i","4152":"m","4153":"p","4154":"o","4155":"r","4156":"t","4157":" ","4158":"t","4159":"y","4160":"p","4161":"e","4162":" ","4163":"{","4164":" ","4165":"S","4166":"t","4167":"o","4168":"r","4169":"y","4170":",","4171":" ","4172":"C","4173":"o","4174":"m","4175":"m","4176":"e","4177":"n","4178":"t","4179":" ","4180":"}","4181":" ","4182":"f","4183":"r","4184":"o","4185":"m","4186":" ","4187":"\\","4188":"\"","4189":"@","4190":"/","4191":"t","4192":"y","4193":"p","4194":"e","4195":"s","4196":"\\","4197":"\"","4198":";","4199":"\\","4200":"n","4201":"\\","4202":"n","4203":"c","4204":"o","4205":"n","4206":"s","4207":"t","4208":" ","4209":"r","4210":"o","4211":"u","4212":"t","4213":"e","4214":" ","4215":"=","4216":" ","4217":"u","4218":"s","4219":"e","4220":"R","4221":"o","4222":"u","4223":"t","4224":"e","4225":"(","4226":")","4227":";","4228":"\\","4229":"n","4230":"c","4231":"o","4232":"n","4233":"s","4234":"t","4235":" ","4236":"r","4237":"o","4238":"u","4239":"t","4240":"e","4241":"r","4242":" ","4243":"=","4244":" ","4245":"u","4246":"s","4247":"e","4248":"R","4249":"o","4250":"u","4251":"t","4252":"e","4253":"r","4254":"(","4255":")","4256":";","4257":"\\","4258":"n","4259":"\\","4260":"n","4261":"c","4262":"o","4263":"n","4264":"s","4265":"t","4266":" ","4267":"s","4268":"t","4269":"o","4270":"r","4271":"y","4272":" ","4273":"=","4274":" ","4275":"r","4276":"e","4277":"f","4278":"<","4279":"S","4280":"t","4281":"o","4282":"r","4283":"y","4284":" ","4285":"|","4286":" ","4287":"n","4288":"u","4289":"l","4290":"l","4291":">","4292":"(","4293":"n","4294":"u","4295":"l","4296":"l","4297":")","4298":";","4299":"\\","4300":"n","4301":"c","4302":"o","4303":"n","4304":"s","4305":"t","4306":" ","4307":"c","4308":"o","4309":"m","4310":"m","4311":"e","4312":"n","4313":"t","4314":"s","4315":" ","4316":"=","4317":" ","4318":"r","4319":"e","4320":"f","4321":"<","4322":"C","4323":"o","4324":"m","4325":"m","4326":"e","4327":"n","4328":"t","4329":"[","4330":"]","4331":">","4332":"(","4333":"[","4334":"]","4335":")","4336":";","4337":"\\","4338":"n","4339":"c","4340":"o","4341":"n","4342":"s","4343":"t","4344":" ","4345":"n","4346":"e","4347":"w","4348":"C","4349":"o","4350":"m","4351":"m","4352":"e","4353":"n","4354":"t","4355":" ","4356":"=","4357":" ","4358":"r","4359":"e","4360":"f","4361":"(","4362":"\\","4363":"\"","4364":"\\","4365":"\"","4366":")","4367":";","4368":"\\","4369":"n","4370":"c","4371":"o","4372":"n","4373":"s","4374":"t","4375":" ","4376":"l","4377":"o","4378":"a","4379":"d","4380":"i","4381":"n","4382":"g","4383":" ","4384":"=","4385":" ","4386":"r","4387":"e","4388":"f","4389":"(","4390":"t","4391":"r","4392":"u","4393":"e","4394":")","4395":";","4396":"\\","4397":"n","4398":"\\","4399":"n","4400":"c","4401":"o","4402":"n","4403":"s","4404":"t","4405":" ","4406":"f","4407":"e","4408":"t","4409":"c","4410":"h","4411":"S","4412":"t","4413":"o","4414":"r","4415":"y","4416":" ","4417":"=","4418":" ","4419":"a","4420":"s","4421":"y","4422":"n","4423":"c","4424":" ","4425":"(","4426":")","4427":" ","4428":"=","4429":">","4430":" ","4431":"{","4432":"\\","4433":"n","4434":" ","4435":" ","4436":"t","4437":"r","4438":"y","4439":" ","4440":"{","4441":"\\","4442":"n","4443":" ","4444":" ","4445":" ","4446":" ","4447":"l","4448":"o","4449":"a","4450":"d","4451":"i","4452":"n","4453":"g","4454":".","4455":"v","4456":"a","4457":"l","4458":"u","4459":"e","4460":" ","4461":"=","4462":" ","4463":"t","4464":"r","4465":"u","4466":"e","4467":";","4468":"\\","4469":"n","4470":" ","4471":" ","4472":" ","4473":" ","4474":"c","4475":"o","4476":"n","4477":"s","4478":"t","4479":" ","4480":"s","4481":"t","4482":"o","4483":"r","4484":"y","4485":"I","4486":"d","4487":" ","4488":"=","4489":" ","4490":"N","4491":"u","4492":"m","4493":"b","4494":"e","4495":"r","4496":"(","4497":"r","4498":"o","4499":"u","4500":"t","4501":"e","4502":".","4503":"p","4504":"a","4505":"r","4506":"a","4507":"m","4508":"s","4509":".","4510":"i","4511":"d","4512":")","4513":";","4514":"\\","4515":"n","4516":" ","4517":" ","4518":" ","4519":" ","4520":"c","4521":"o","4522":"n","4523":"s","4524":"t","4525":" ","4526":"[","4527":"s","4528":"t","4529":"o","4530":"r","4531":"y","4532":"R","4533":"e","4534":"s","4535":"p","4536":"o","4537":"n","4538":"s","4539":"e","4540":",","4541":" ","4542":"c","4543":"o","4544":"m","4545":"m","4546":"e","4547":"n","4548":"t","4549":"s","4550":"R","4551":"e","4552":"s","4553":"p","4554":"o","4555":"n","4556":"s","4557":"e","4558":"]","4559":" ","4560":"=","4561":" ","4562":"a","4563":"w","4564":"a","4565":"i","4566":"t","4567":" ","4568":"P","4569":"r","4570":"o","4571":"m","4572":"i","4573":"s","4574":"e","4575":".","4576":"a","4577":"l","4578":"l","4579":"(","4580":"[","4581":"s","4582":"t","4583":"o","4584":"r","4585":"y","4586":"A","4587":"p","4588":"i","4589":".","4590":"g","4591":"e","4592":"t","4593":"(","4594":"s","4595":"t","4596":"o","4597":"r","4598":"y","4599":"I","4600":"d","4601":")","4602":",","4603":" ","4604":"s","4605":"t","4606":"o","4607":"r","4608":"y","4609":"A","4610":"p","4611":"i","4612":".","4613":"g","4614":"e","4615":"t","4616":"C","4617":"o","4618":"m","4619":"m","4620":"e","4621":"n","4622":"t","4623":"s","4624":"(","4625":"s","4626":"t","4627":"o","4628":"r","4629":"y","4630":"I","4631":"d","4632":")","4633":"]","4634":")","4635":";","4636":"\\","4637":"n","4638":"\\","4639":"n","4640":" ","4641":" ","4642":" ","4643":" ","4644":"s","4645":"t","4646":"o","4647":"r","4648":"y","4649":".","4650":"v","4651":"a","4652":"l","4653":"u","4654":"e","4655":" ","4656":"=","4657":" ","4658":"s","4659":"t","4660":"o","4661":"r","4662":"y","4663":"R","4664":"e","4665":"s","4666":"p","4667":"o","4668":"n","4669":"s","4670":"e","4671":".","4672":"d","4673":"a","4674":"t","4675":"a","4676":";","4677":"\\","4678":"n","4679":" ","4680":" ","4681":" ","4682":" ","4683":"c","4684":"o","4685":"m","4686":"m","4687":"e","4688":"n","4689":"t","4690":"s","4691":".","4692":"v","4693":"a","4694":"l","4695":"u","4696":"e","4697":" ","4698":"=","4699":" ","4700":"c","4701":"o","4702":"m","4703":"m","4704":"e","4705":"n","4706":"t","4707":"s","4708":"R","4709":"e","4710":"s","4711":"p","4712":"o","4713":"n","4714":"s","4715":"e","4716":".","4717":"d","4718":"a","4719":"t","4720":"a","4721":";","4722":"\\","4723":"n","4724":" ","4725":" ","4726":"}","4727":" ","4728":"c","4729":"a","4730":"t","4731":"c","4732":"h","4733":" ","4734":"(","4735":"e","4736":"r","4737":"r","4738":"o","4739":"r","4740":")","4741":" ","4742":"{","4743":"\\","4744":"n","4745":" ","4746":" ","4747":" ","4748":" ","4749":"a","4750":"l","4751":"e","4752":"r","4753":"t","4754":"(","4755":"h","4756":"a","4757":"n","4758":"d","4759":"l","4760":"e","4761":"A","4762":"p","4763":"i","4764":"E","4765":"r","4766":"r","4767":"o","4768":"r","4769":"(","4770":"e","4771":"r","4772":"r","4773":"o","4774":"r","4775":")","4776":")","4777":";","4778":"\\","4779":"n","4780":" ","4781":" ","4782":" ","4783":" ","4784":"r","4785":"o","4786":"u","4787":"t","4788":"e","4789":"r","4790":".","4791":"p","4792":"u","4793":"s","4794":"h","4795":"(","4796":"\\","4797":"\"","4798":"/","4799":"s","4800":"t","4801":"o","4802":"r","4803":"i","4804":"e","4805":"s","4806":"\\","4807":"\"","4808":")","4809":";","4810":"\\","4811":"n","4812":" ","4813":" ","4814":"}","4815":" ","4816":"f","4817":"i","4818":"n","4819":"a","4820":"l","4821":"l","4822":"y","4823":" ","4824":"{","4825":"\\","4826":"n","4827":" ","4828":" ","4829":" ","4830":" ","4831":"l","4832":"o","4833":"a","4834":"d","4835":"i","4836":"n","4837":"g","4838":".","4839":"v","4840":"a","4841":"l","4842":"u","4843":"e","4844":" ","4845":"=","4846":" ","4847":"f","4848":"a","4849":"l","4850":"s","4851":"e","4852":";","4853":"\\","4854":"n","4855":" ","4856":" ","4857":"}","4858":"\\","4859":"n","4860":"}","4861":";","4862":"\\","4863":"n","4864":"\\","4865":"n","4866":"c","4867":"o","4868":"n","4869":"s","4870":"t","4871":" ","4872":"h","4873":"a","4874":"n","4875":"d","4876":"l","4877":"e","4878":"C","4879":"o","4880":"m","4881":"m","4882":"e","4883":"n","4884":"t","4885":"S","4886":"u","4887":"b","4888":"m","4889":"i","4890":"t","4891":" ","4892":"=","4893":" ","4894":"a","4895":"s","4896":"y","4897":"n","4898":"c","4899":" ","4900":"(","4901":")","4902":" ","4903":"=","4904":">","4905":" ","4906":"{","4907":"\\","4908":"n","4909":" ","4910":" ","4911":"i","4912":"f","4913":" ","4914":"(","4915":"!","4916":"s","4917":"t","4918":"o","4919":"r","4920":"y","4921":".","4922":"v","4923":"a","4924":"l","4925":"u","4926":"e","4927":" ","4928":"|","4929":"|","4930":" ","4931":"!","4932":"n","4933":"e","4934":"w","4935":"C","4936":"o","4937":"m","4938":"m","4939":"e","4940":"n","4941":"t","4942":".","4943":"v","4944":"a","4945":"l","4946":"u","4947":"e","4948":".","4949":"t","4950":"r","4951":"i","4952":"m","4953":"(","4954":")","4955":")","4956":" ","4957":"r","4958":"e","4959":"t","4960":"u","4961":"r","4962":"n","4963":";","4964":"\\","4965":"n","4966":"\\","4967":"n","4968":" ","4969":" ","4970":"t","4971":"r","4972":"y","4973":" ","4974":"{","4975":"\\","4976":"n","4977":" ","4978":" ","4979":" ","4980":" ","4981":"c","4982":"o","4983":"n","4984":"s","4985":"t","4986":" ","4987":"r","4988":"e","4989":"s","4990":"p","4991":"o","4992":"n","4993":"s","4994":"e","4995":" ","4996":"=","4997":" ","4998":"a","4999":"w","5000":"a","5001":"i","5002":"t","5003":" ","5004":"s","5005":"t","5006":"o","5007":"r","5008":"y","5009":"A","5010":"p","5011":"i","5012":".","5013":"a","5014":"d","5015":"d","5016":"C","5017":"o","5018":"m","5019":"m","5020":"e","5021":"n","5022":"t","5023":"(","5024":"s","5025":"t","5026":"o","5027":"r","5028":"y","5029":".","5030":"v","5031":"a","5032":"l","5033":"u","5034":"e","5035":".","5036":"i","5037":"d","5038":",","5039":" ","5040":"{","5041":"\\","5042":"n","5043":" ","5044":" ","5045":" ","5046":" ","5047":" ","5048":" ","5049":"c","5050":"o","5051":"n","5052":"t","5053":"e","5054":"n","5055":"t","5056":":","5057":" ","5058":"n","5059":"e","5060":"w","5061":"C","5062":"o","5063":"m","5064":"m","5065":"e","5066":"n","5067":"t","5068":".","5069":"v","5070":"a","5071":"l","5072":"u","5073":"e","5074":",","5075":"\\","5076":"n","5077":" ","5078":" ","5079":" ","5080":" ","5081":"}","5082":")","5083":";","5084":"\\","5085":"n","5086":" ","5087":" ","5088":" ","5089":" ","5090":"c","5091":"o","5092":"m","5093":"m","5094":"e","5095":"n","5096":"t","5097":"s","5098":".","5099":"v","5100":"a","5101":"l","5102":"u","5103":"e","5104":".","5105":"u","5106":"n","5107":"s","5108":"h","5109":"i","5110":"f","5111":"t","5112":"(","5113":"r","5114":"e","5115":"s","5116":"p","5117":"o","5118":"n","5119":"s","5120":"e","5121":".","5122":"d","5123":"a","5124":"t","5125":"a","5126":")","5127":";","5128":"\\","5129":"n","5130":" ","5131":" ","5132":" ","5133":" ","5134":"n","5135":"e","5136":"w","5137":"C","5138":"o","5139":"m","5140":"m","5141":"e","5142":"n","5143":"t","5144":".","5145":"v","5146":"a","5147":"l","5148":"u","5149":"e","5150":" ","5151":"=","5152":" ","5153":"\\","5154":"\"","5155":"\\","5156":"\"","5157":";","5158":"\\","5159":"n","5160":" ","5161":" ","5162":"}","5163":" ","5164":"c","5165":"a","5166":"t","5167":"c","5168":"h","5169":" ","5170":"(","5171":"e","5172":"r","5173":"r","5174":"o","5175":"r","5176":")","5177":" ","5178":"{","5179":"\\","5180":"n","5181":" ","5182":" ","5183":" ","5184":" ","5185":"a","5186":"l","5187":"e","5188":"r","5189":"t","5190":"(","5191":"h","5192":"a","5193":"n","5194":"d","5195":"l","5196":"e","5197":"A","5198":"p","5199":"i","5200":"E","5201":"r","5202":"r","5203":"o","5204":"r","5205":"(","5206":"e","5207":"r","5208":"r","5209":"o","5210":"r","5211":")","5212":")","5213":";","5214":"\\","5215":"n","5216":" ","5217":" ","5218":"}","5219":"\\","5220":"n","5221":"}","5222":";","5223":"\\","5224":"n","5225":"\\","5226":"n","5227":"o","5228":"n","5229":"M","5230":"o","5231":"u","5232":"n","5233":"t","5234":"e","5235":"d","5236":"(","5237":"(","5238":")","5239":" ","5240":"=","5241":">","5242":" ","5243":"{","5244":"\\","5245":"n","5246":" ","5247":" ","5248":"f","5249":"e","5250":"t","5251":"c","5252":"h","5253":"S","5254":"t","5255":"o","5256":"r","5257":"y","5258":"(","5259":")","5260":";","5261":"\\","5262":"n","5263":"}","5264":")","5265":";","5266":"\\","5267":"n","5268":"<","5269":"/","5270":"s","5271":"c","5272":"r","5273":"i","5274":"p","5275":"t","5276":">","5277":"\\","5278":"n","5279":"\\","5280":"n","5281":"<","5282":"s","5283":"t","5284":"y","5285":"l","5286":"e","5287":">","5288":"\\","5289":"n","5290":".","5291":"p","5292":"r","5293":"o","5294":"s","5295":"e","5296":" ","5297":"{","5298":"\\","5299":"n","5300":" ","5301":" ","5302":"m","5303":"a","5304":"x","5305":"-","5306":"w","5307":"i","5308":"d","5309":"t","5310":"h","5311":":","5312":" ","5313":"6","5314":"5","5315":"c","5316":"h","5317":";","5318":"\\","5319":"n","5320":" ","5321":" ","5322":"m","5323":"a","5324":"r","5325":"g","5326":"i","5327":"n","5328":":","5329":" ","5330":"0","5331":" ","5332":"a","5333":"u","5334":"t","5335":"o","5336":";","5337":"\\","5338":"n","5339":"}","5340":"\\","5341":"n","5342":"\\","5343":"n","5344":".","5345":"p","5346":"r","5347":"o","5348":"s","5349":"e","5350":" ","5351":"i","5352":"m","5353":"g","5354":" ","5355":"{","5356":"\\","5357":"n","5358":" ","5359":" ","5360":"m","5361":"a","5362":"x","5363":"-","5364":"w","5365":"i","5366":"d","5367":"t","5368":"h","5369":":","5370":" ","5371":"1","5372":"0","5373":"0","5374":"%","5375":";","5376":"\\","5377":"n","5378":" ","5379":" ","5380":"h","5381":"e","5382":"i","5383":"g","5384":"h","5385":"t","5386":":","5387":" ","5388":"a","5389":"u","5390":"t","5391":"o","5392":";","5393":"\\","5394":"n","5395":" ","5396":" ","5397":"b","5398":"o","5399":"r","5400":"d","5401":"e","5402":"r","5403":"-","5404":"r","5405":"a","5406":"d","5407":"i","5408":"u","5409":"s","5410":":","5411":" ","5412":"0","5413":".","5414":"5","5415":"r","5416":"e","5417":"m","5418":";","5419":"\\","5420":"n","5421":"}","5422":"\\","5423":"n","5424":"\\","5425":"n","5426":".","5427":"p","5428":"r","5429":"o","5430":"s","5431":"e","5432":" ","5433":"p","5434":" ","5435":"{","5436":"\\","5437":"n","5438":" ","5439":" ","5440":"m","5441":"a","5442":"r","5443":"g","5444":"i","5445":"n","5446":"-","5447":"b","5448":"o","5449":"t","5450":"t","5451":"o","5452":"m","5453":":","5454":" ","5455":"1","5456":".","5457":"5","5458":"e","5459":"m","5460":";","5461":"\\","5462":"n","5463":"}","5464":"\\","5465":"n","5466":"<","5467":"/","5468":"s","5469":"t","5470":"y","5471":"l","5472":"e","5473":">","5474":"\\","5475":"n","5476":"\"","5477":"]","5478":"}"}}
}
